[2.153s] DEBUG:colcon:Command line arguments: ['/usr/bin/colcon', 'build']
[2.153s] DEBUG:colcon:Parsed command line arguments: Namespace(log_base=None, log_level=None, verb_name='build', build_base='build', install_base='install', merge_install=False, symlink_install=False, test_result_base=None, continue_on_error=False, executor='parallel', parallel_workers=2, event_handlers=None, ignore_user_meta=False, metas=['./colcon.meta'], base_paths=['.'], packages_ignore=None, packages_ignore_regex=None, paths=None, packages_up_to=None, packages_up_to_regex=None, packages_above=None, packages_above_and_dependencies=None, packages_above_depth=None, packages_select_by_dep=None, packages_skip_by_dep=None, packages_skip_up_to=None, packages_select_build_failed=False, packages_skip_build_finished=False, packages_select_test_failures=False, packages_skip_test_passed=False, packages_select=None, packages_skip=None, packages_select_regex=None, packages_skip_regex=None, packages_start=None, packages_end=None, allow_overriding=[], cmake_args=None, cmake_target=None, cmake_target_skip_unavailable=False, cmake_clean_cache=False, cmake_clean_first=False, cmake_force_configure=False, ament_cmake_args=None, catkin_cmake_args=None, catkin_skip_building_tests=False, verb_parser=<colcon_defaults.argument_parser.defaults.DefaultArgumentsDecorator object at 0x7f8a9329b2e0>, verb_extension=<colcon_core.verb.build.BuildVerb object at 0x7f8a9329b970>, main=<bound method BuildVerb.main of <colcon_core.verb.build.BuildVerb object at 0x7f8a9329b970>>)
[2.256s] Level 1:colcon.colcon_core.package_discovery:discover_packages(colcon_meta) check parameters
[2.256s] Level 1:colcon.colcon_core.package_discovery:discover_packages(recursive) check parameters
[2.256s] Level 1:colcon.colcon_core.package_discovery:discover_packages(ignore) check parameters
[2.256s] Level 1:colcon.colcon_core.package_discovery:discover_packages(path) check parameters
[2.256s] Level 1:colcon.colcon_core.package_discovery:discover_packages(colcon_meta) discover
[2.257s] Level 1:colcon.colcon_core.package_discovery:discover_packages(recursive) discover
[2.257s] INFO:colcon.colcon_core.package_discovery:Crawling recursively for packages in '/home/raf/ros2_ws/src'
[2.257s] Level 1:colcon.colcon_core.package_identification:_identify(.) by extensions ['ignore', 'ignore_ament_install']
[2.258s] Level 1:colcon.colcon_core.package_identification:_identify(.) by extension 'ignore'
[2.258s] Level 1:colcon.colcon_core.package_identification:_identify(.) by extension 'ignore_ament_install'
[2.258s] Level 1:colcon.colcon_core.package_identification:_identify(.) by extensions ['colcon_pkg']
[2.258s] Level 1:colcon.colcon_core.package_identification:_identify(.) by extension 'colcon_pkg'
[2.258s] Level 1:colcon.colcon_core.package_identification:_identify(.) by extensions ['colcon_meta']
[2.258s] Level 1:colcon.colcon_core.package_identification:_identify(.) by extension 'colcon_meta'
[2.258s] Level 1:colcon.colcon_core.package_identification:_identify(.) by extensions ['ros']
[2.258s] Level 1:colcon.colcon_core.package_identification:_identify(.) by extension 'ros'
[2.291s] Level 1:colcon.colcon_core.package_identification:_identify(.) by extensions ['cmake', 'python']
[2.292s] Level 1:colcon.colcon_core.package_identification:_identify(.) by extension 'cmake'
[2.292s] Level 1:colcon.colcon_core.package_identification:_identify(.) by extension 'python'
[2.292s] Level 1:colcon.colcon_core.package_identification:_identify(.) by extensions ['python_setup_py']
[2.292s] Level 1:colcon.colcon_core.package_identification:_identify(.) by extension 'python_setup_py'
[2.292s] Level 1:colcon.colcon_core.package_identification:_identify(build) by extensions ['ignore', 'ignore_ament_install']
[2.292s] Level 1:colcon.colcon_core.package_identification:_identify(build) by extension 'ignore'
[2.293s] Level 1:colcon.colcon_core.package_identification:_identify(build) ignored
[2.293s] Level 1:colcon.colcon_core.package_identification:_identify(install) by extensions ['ignore', 'ignore_ament_install']
[2.293s] Level 1:colcon.colcon_core.package_identification:_identify(install) by extension 'ignore'
[2.293s] Level 1:colcon.colcon_core.package_identification:_identify(install) ignored
[2.293s] Level 1:colcon.colcon_core.package_identification:_identify(log) by extensions ['ignore', 'ignore_ament_install']
[2.294s] Level 1:colcon.colcon_core.package_identification:_identify(log) by extension 'ignore'
[2.294s] Level 1:colcon.colcon_core.package_identification:_identify(log) ignored
[2.294s] Level 1:colcon.colcon_core.package_identification:_identify(my_cpp_pkg) by extensions ['ignore', 'ignore_ament_install']
[2.294s] Level 1:colcon.colcon_core.package_identification:_identify(my_cpp_pkg) by extension 'ignore'
[2.294s] Level 1:colcon.colcon_core.package_identification:_identify(my_cpp_pkg) by extension 'ignore_ament_install'
[2.294s] Level 1:colcon.colcon_core.package_identification:_identify(my_cpp_pkg) by extensions ['colcon_pkg']
[2.294s] Level 1:colcon.colcon_core.package_identification:_identify(my_cpp_pkg) by extension 'colcon_pkg'
[2.294s] Level 1:colcon.colcon_core.package_identification:_identify(my_cpp_pkg) by extensions ['colcon_meta']
[2.294s] Level 1:colcon.colcon_core.package_identification:_identify(my_cpp_pkg) by extension 'colcon_meta'
[2.294s] Level 1:colcon.colcon_core.package_identification:_identify(my_cpp_pkg) by extensions ['ros']
[2.294s] Level 1:colcon.colcon_core.package_identification:_identify(my_cpp_pkg) by extension 'ros'
[2.300s] DEBUG:colcon.colcon_core.package_identification:Package 'my_cpp_pkg' with type 'ros.ament_cmake' and name 'my_cpp_pkg'
[2.300s] Level 1:colcon.colcon_core.package_identification:_identify(my_py_pkg) by extensions ['ignore', 'ignore_ament_install']
[2.300s] Level 1:colcon.colcon_core.package_identification:_identify(my_py_pkg) by extension 'ignore'
[2.301s] Level 1:colcon.colcon_core.package_identification:_identify(my_py_pkg) by extension 'ignore_ament_install'
[2.301s] Level 1:colcon.colcon_core.package_identification:_identify(my_py_pkg) by extensions ['colcon_pkg']
[2.301s] Level 1:colcon.colcon_core.package_identification:_identify(my_py_pkg) by extension 'colcon_pkg'
[2.301s] Level 1:colcon.colcon_core.package_identification:_identify(my_py_pkg) by extensions ['colcon_meta']
[2.301s] Level 1:colcon.colcon_core.package_identification:_identify(my_py_pkg) by extension 'colcon_meta'
[2.301s] Level 1:colcon.colcon_core.package_identification:_identify(my_py_pkg) by extensions ['ros']
[2.301s] Level 1:colcon.colcon_core.package_identification:_identify(my_py_pkg) by extension 'ros'
[2.302s] DEBUG:colcon.colcon_core.package_identification:Package 'my_py_pkg' with type 'ros.ament_python' and name 'my_py_pkg'
[2.302s] Level 1:colcon.colcon_core.package_discovery:discover_packages(recursive) using defaults
[2.303s] Level 1:colcon.colcon_core.package_discovery:discover_packages(ignore) discover
[2.303s] Level 1:colcon.colcon_core.package_discovery:discover_packages(ignore) using defaults
[2.303s] Level 1:colcon.colcon_core.package_discovery:discover_packages(path) discover
[2.303s] Level 1:colcon.colcon_core.package_discovery:discover_packages(path) using defaults
[2.520s] Level 1:colcon.colcon_core.package_discovery:discover_packages(prefix_path) check parameters
[2.521s] Level 1:colcon.colcon_core.package_discovery:discover_packages(prefix_path) discover
[2.570s] DEBUG:colcon.colcon_installed_package_information.package_discovery:Found 0 installed packages in /home/raf/ros2_ws/install
[2.597s] DEBUG:colcon.colcon_installed_package_information.package_discovery:Found 270 installed packages in /opt/ros/humble
[2.599s] Level 1:colcon.colcon_core.package_discovery:discover_packages(prefix_path) using defaults
[2.772s] Level 5:colcon.colcon_core.verb:set package 'my_cpp_pkg' build argument 'cmake_args' from command line to 'None'
[2.773s] Level 5:colcon.colcon_core.verb:set package 'my_cpp_pkg' build argument 'cmake_target' from command line to 'None'
[2.773s] Level 5:colcon.colcon_core.verb:set package 'my_cpp_pkg' build argument 'cmake_target_skip_unavailable' from command line to 'False'
[2.773s] Level 5:colcon.colcon_core.verb:set package 'my_cpp_pkg' build argument 'cmake_clean_cache' from command line to 'False'
[2.773s] Level 5:colcon.colcon_core.verb:set package 'my_cpp_pkg' build argument 'cmake_clean_first' from command line to 'False'
[2.773s] Level 5:colcon.colcon_core.verb:set package 'my_cpp_pkg' build argument 'cmake_force_configure' from command line to 'False'
[2.773s] Level 5:colcon.colcon_core.verb:set package 'my_cpp_pkg' build argument 'ament_cmake_args' from command line to 'None'
[2.773s] Level 5:colcon.colcon_core.verb:set package 'my_cpp_pkg' build argument 'catkin_cmake_args' from command line to 'None'
[2.773s] Level 5:colcon.colcon_core.verb:set package 'my_cpp_pkg' build argument 'catkin_skip_building_tests' from command line to 'False'
[2.773s] DEBUG:colcon.colcon_core.verb:Building package 'my_cpp_pkg' with the following arguments: {'ament_cmake_args': None, 'build_base': '/home/raf/ros2_ws/src/build/my_cpp_pkg', 'catkin_cmake_args': None, 'catkin_skip_building_tests': False, 'cmake_args': None, 'cmake_clean_cache': False, 'cmake_clean_first': False, 'cmake_force_configure': False, 'cmake_target': None, 'cmake_target_skip_unavailable': False, 'install_base': '/home/raf/ros2_ws/src/install/my_cpp_pkg', 'merge_install': False, 'path': '/home/raf/ros2_ws/src/my_cpp_pkg', 'symlink_install': False, 'test_result_base': None}
[2.803s] Level 5:colcon.colcon_core.verb:set package 'my_py_pkg' build argument 'cmake_args' from command line to 'None'
[2.803s] Level 5:colcon.colcon_core.verb:set package 'my_py_pkg' build argument 'cmake_target' from command line to 'None'
[2.803s] Level 5:colcon.colcon_core.verb:set package 'my_py_pkg' build argument 'cmake_target_skip_unavailable' from command line to 'False'
[2.803s] Level 5:colcon.colcon_core.verb:set package 'my_py_pkg' build argument 'cmake_clean_cache' from command line to 'False'
[2.803s] Level 5:colcon.colcon_core.verb:set package 'my_py_pkg' build argument 'cmake_clean_first' from command line to 'False'
[2.803s] Level 5:colcon.colcon_core.verb:set package 'my_py_pkg' build argument 'cmake_force_configure' from command line to 'False'
[2.803s] Level 5:colcon.colcon_core.verb:set package 'my_py_pkg' build argument 'ament_cmake_args' from command line to 'None'
[2.803s] Level 5:colcon.colcon_core.verb:set package 'my_py_pkg' build argument 'catkin_cmake_args' from command line to 'None'
[2.803s] Level 5:colcon.colcon_core.verb:set package 'my_py_pkg' build argument 'catkin_skip_building_tests' from command line to 'False'
[2.803s] DEBUG:colcon.colcon_core.verb:Building package 'my_py_pkg' with the following arguments: {'ament_cmake_args': None, 'build_base': '/home/raf/ros2_ws/src/build/my_py_pkg', 'catkin_cmake_args': None, 'catkin_skip_building_tests': False, 'cmake_args': None, 'cmake_clean_cache': False, 'cmake_clean_first': False, 'cmake_force_configure': False, 'cmake_target': None, 'cmake_target_skip_unavailable': False, 'install_base': '/home/raf/ros2_ws/src/install/my_py_pkg', 'merge_install': False, 'path': '/home/raf/ros2_ws/src/my_py_pkg', 'symlink_install': False, 'test_result_base': None}
[2.841s] INFO:colcon.colcon_core.executor:Executing jobs using 'parallel' executor
[2.875s] DEBUG:colcon.colcon_parallel_executor.executor.parallel:run_until_complete
[2.876s] INFO:colcon.colcon_ros.task.ament_cmake.build:Building ROS package in '/home/raf/ros2_ws/src/my_cpp_pkg' with build type 'ament_cmake'
[2.876s] INFO:colcon.colcon_cmake.task.cmake.build:Building CMake package in '/home/raf/ros2_ws/src/my_cpp_pkg'
[2.915s] INFO:colcon.colcon_core.plugin_system:Skipping extension 'colcon_core.shell.bat': Not used on non-Windows systems
[2.915s] INFO:colcon.colcon_core.shell:Skip shell extension 'powershell' for command environment: Not usable outside of PowerShell
[2.916s] DEBUG:colcon.colcon_core.shell:Skip shell extension 'dsv' for command environment
[3.019s] INFO:colcon.colcon_ros.task.ament_python.build:Building ROS package in '/home/raf/ros2_ws/src/my_py_pkg' with build type 'ament_python'
[3.020s] Level 1:colcon.colcon_core.shell:create_environment_hook('my_py_pkg', 'ament_prefix_path')
[3.056s] INFO:colcon.colcon_core.shell:Creating environment hook '/home/raf/ros2_ws/src/install/my_py_pkg/share/my_py_pkg/hook/ament_prefix_path.ps1'
[3.058s] INFO:colcon.colcon_core.shell:Creating environment descriptor '/home/raf/ros2_ws/src/install/my_py_pkg/share/my_py_pkg/hook/ament_prefix_path.dsv'
[3.060s] INFO:colcon.colcon_core.shell:Creating environment hook '/home/raf/ros2_ws/src/install/my_py_pkg/share/my_py_pkg/hook/ament_prefix_path.sh'
[3.087s] INFO:colcon.colcon_core.shell:Skip shell extension 'powershell' for command environment: Not usable outside of PowerShell
[3.088s] DEBUG:colcon.colcon_core.shell:Skip shell extension 'dsv' for command environment
[3.202s] DEBUG:colcon.colcon_core.event_handler.log_command:Invoking command in '/home/raf/ros2_ws/src/build/my_cpp_pkg': CMAKE_PREFIX_PATH=/opt/ros/humble /usr/bin/cmake --build /home/raf/ros2_ws/src/build/my_cpp_pkg -- -j2 -l2
[3.801s] INFO:colcon.colcon_core.task.python.build:Building Python package in '/home/raf/ros2_ws/src/my_py_pkg'
[3.823s] INFO:colcon.colcon_core.shell:Skip shell extension 'powershell' for command environment: Not usable outside of PowerShell
[3.823s] DEBUG:colcon.colcon_core.shell:Skip shell extension 'dsv' for command environment
[3.912s] DEBUG:colcon.colcon_core.event_handler.log_command:Invoked command in '/home/raf/ros2_ws/src/build/my_cpp_pkg' returned '0': CMAKE_PREFIX_PATH=/opt/ros/humble /usr/bin/cmake --build /home/raf/ros2_ws/src/build/my_cpp_pkg -- -j2 -l2
[4.027s] DEBUG:colcon.colcon_core.event_handler.log_command:Invoking command in '/home/raf/ros2_ws/src/build/my_cpp_pkg': CMAKE_PREFIX_PATH=/opt/ros/humble /usr/bin/cmake --install /home/raf/ros2_ws/src/build/my_cpp_pkg
[4.077s] Level 1:colcon.colcon_core.environment:create_environment_scripts_only(my_cpp_pkg)
[4.084s] DEBUG:colcon.colcon_core.event_handler.log_command:Invoked command in '/home/raf/ros2_ws/src/build/my_cpp_pkg' returned '0': CMAKE_PREFIX_PATH=/opt/ros/humble /usr/bin/cmake --install /home/raf/ros2_ws/src/build/my_cpp_pkg
[4.106s] Level 1:colcon.colcon_core.environment:checking '/home/raf/ros2_ws/src/install/my_cpp_pkg' for CMake module files
[4.108s] Level 1:colcon.colcon_core.environment:checking '/home/raf/ros2_ws/src/install/my_cpp_pkg' for CMake config files
[4.109s] Level 1:colcon.colcon_core.shell:create_environment_hook('my_cpp_pkg', 'cmake_prefix_path')
[4.134s] INFO:colcon.colcon_core.shell:Creating environment hook '/home/raf/ros2_ws/src/install/my_cpp_pkg/share/my_cpp_pkg/hook/cmake_prefix_path.ps1'
[4.135s] INFO:colcon.colcon_core.shell:Creating environment descriptor '/home/raf/ros2_ws/src/install/my_cpp_pkg/share/my_cpp_pkg/hook/cmake_prefix_path.dsv'
[4.137s] INFO:colcon.colcon_core.shell:Creating environment hook '/home/raf/ros2_ws/src/install/my_cpp_pkg/share/my_cpp_pkg/hook/cmake_prefix_path.sh'
[4.140s] Level 1:colcon.colcon_core.environment:checking '/home/raf/ros2_ws/src/install/my_cpp_pkg/bin'
[4.141s] Level 1:colcon.colcon_core.environment:checking '/home/raf/ros2_ws/src/install/my_cpp_pkg/lib/pkgconfig/my_cpp_pkg.pc'
[4.142s] Level 1:colcon.colcon_core.environment:checking '/home/raf/ros2_ws/src/install/my_cpp_pkg/lib/python3.10/site-packages'
[4.142s] Level 1:colcon.colcon_core.environment:checking '/home/raf/ros2_ws/src/install/my_cpp_pkg/bin'
[4.169s] INFO:colcon.colcon_core.shell:Creating package script '/home/raf/ros2_ws/src/install/my_cpp_pkg/share/my_cpp_pkg/package.ps1'
[4.171s] INFO:colcon.colcon_core.shell:Creating package descriptor '/home/raf/ros2_ws/src/install/my_cpp_pkg/share/my_cpp_pkg/package.dsv'
[4.172s] INFO:colcon.colcon_core.shell:Creating package script '/home/raf/ros2_ws/src/install/my_cpp_pkg/share/my_cpp_pkg/package.sh'
[4.175s] INFO:colcon.colcon_core.shell:Creating package script '/home/raf/ros2_ws/src/install/my_cpp_pkg/share/my_cpp_pkg/package.bash'
[4.177s] INFO:colcon.colcon_core.shell:Creating package script '/home/raf/ros2_ws/src/install/my_cpp_pkg/share/my_cpp_pkg/package.zsh'
[4.178s] Level 1:colcon.colcon_core.environment:create_file_with_runtime_dependencies(/home/raf/ros2_ws/src/install/my_cpp_pkg/share/colcon-core/packages/my_cpp_pkg)
[4.307s] Level 1:colcon.colcon_core.environment:create_environment_scripts_only(my_cpp_pkg)
[4.337s] Level 1:colcon.colcon_core.environment:checking '/home/raf/ros2_ws/src/install/my_cpp_pkg' for CMake module files
[4.338s] Level 1:colcon.colcon_core.environment:checking '/home/raf/ros2_ws/src/install/my_cpp_pkg' for CMake config files
[4.339s] Level 1:colcon.colcon_core.shell:create_environment_hook('my_cpp_pkg', 'cmake_prefix_path')
[4.406s] INFO:colcon.colcon_core.shell:Creating environment hook '/home/raf/ros2_ws/src/install/my_cpp_pkg/share/my_cpp_pkg/hook/cmake_prefix_path.ps1'
[4.409s] INFO:colcon.colcon_core.shell:Creating environment descriptor '/home/raf/ros2_ws/src/install/my_cpp_pkg/share/my_cpp_pkg/hook/cmake_prefix_path.dsv'
[4.411s] INFO:colcon.colcon_core.shell:Creating environment hook '/home/raf/ros2_ws/src/install/my_cpp_pkg/share/my_cpp_pkg/hook/cmake_prefix_path.sh'
[4.414s] Level 1:colcon.colcon_core.environment:checking '/home/raf/ros2_ws/src/install/my_cpp_pkg/bin'
[4.416s] Level 1:colcon.colcon_core.environment:checking '/home/raf/ros2_ws/src/install/my_cpp_pkg/lib/pkgconfig/my_cpp_pkg.pc'
[4.416s] Level 1:colcon.colcon_core.environment:checking '/home/raf/ros2_ws/src/install/my_cpp_pkg/lib/python3.10/site-packages'
[4.417s] Level 1:colcon.colcon_core.environment:checking '/home/raf/ros2_ws/src/install/my_cpp_pkg/bin'
[4.472s] INFO:colcon.colcon_core.shell:Creating package script '/home/raf/ros2_ws/src/install/my_cpp_pkg/share/my_cpp_pkg/package.ps1'
[4.481s] INFO:colcon.colcon_core.shell:Creating package descriptor '/home/raf/ros2_ws/src/install/my_cpp_pkg/share/my_cpp_pkg/package.dsv'
[4.484s] INFO:colcon.colcon_core.shell:Creating package script '/home/raf/ros2_ws/src/install/my_cpp_pkg/share/my_cpp_pkg/package.sh'
[4.487s] INFO:colcon.colcon_core.shell:Creating package script '/home/raf/ros2_ws/src/install/my_cpp_pkg/share/my_cpp_pkg/package.bash'
[4.492s] INFO:colcon.colcon_core.shell:Creating package script '/home/raf/ros2_ws/src/install/my_cpp_pkg/share/my_cpp_pkg/package.zsh'
[4.497s] Level 1:colcon.colcon_core.environment:create_file_with_runtime_dependencies(/home/raf/ros2_ws/src/install/my_cpp_pkg/share/colcon-core/packages/my_cpp_pkg)
[6.002s] DEBUG:colcon.colcon_core.event_handler.log_command:Invoking command in '/home/raf/ros2_ws/src/my_py_pkg': PYTHONPATH=/home/raf/ros2_ws/src/build/my_py_pkg/prefix_override:/home/raf/ros2_ws/src/install/my_py_pkg/lib/python3.10/site-packages:${PYTHONPATH} /usr/bin/python3 setup.py egg_info --egg-base ../build/my_py_pkg build --build-base /home/raf/ros2_ws/src/build/my_py_pkg/build install --record /home/raf/ros2_ws/src/build/my_py_pkg/install.log --single-version-externally-managed
[8.408s] DEBUG:colcon.colcon_core.event_handler.log_command:Invoked command in '/home/raf/ros2_ws/src/my_py_pkg' returned '0': PYTHONPATH=/home/raf/ros2_ws/src/build/my_py_pkg/prefix_override:/home/raf/ros2_ws/src/install/my_py_pkg/lib/python3.10/site-packages:${PYTHONPATH} /usr/bin/python3 setup.py egg_info --egg-base ../build/my_py_pkg build --build-base /home/raf/ros2_ws/src/build/my_py_pkg/build install --record /home/raf/ros2_ws/src/build/my_py_pkg/install.log --single-version-externally-managed
[8.432s] Level 1:colcon.colcon_core.environment:checking '/home/raf/ros2_ws/src/install/my_py_pkg' for CMake module files
[8.434s] Level 1:colcon.colcon_core.environment:checking '/home/raf/ros2_ws/src/install/my_py_pkg' for CMake config files
[8.438s] Level 1:colcon.colcon_core.environment:checking '/home/raf/ros2_ws/src/install/my_py_pkg/lib'
[8.439s] Level 1:colcon.colcon_core.environment:checking '/home/raf/ros2_ws/src/install/my_py_pkg/bin'
[8.440s] Level 1:colcon.colcon_core.environment:checking '/home/raf/ros2_ws/src/install/my_py_pkg/lib/pkgconfig/my_py_pkg.pc'
[8.440s] Level 1:colcon.colcon_core.environment:checking '/home/raf/ros2_ws/src/install/my_py_pkg/lib/python3.10/site-packages'
[8.440s] Level 1:colcon.colcon_core.shell:create_environment_hook('my_py_pkg', 'pythonpath')
[8.468s] INFO:colcon.colcon_core.shell:Creating environment hook '/home/raf/ros2_ws/src/install/my_py_pkg/share/my_py_pkg/hook/pythonpath.ps1'
[8.469s] INFO:colcon.colcon_core.shell:Creating environment descriptor '/home/raf/ros2_ws/src/install/my_py_pkg/share/my_py_pkg/hook/pythonpath.dsv'
[8.471s] INFO:colcon.colcon_core.shell:Creating environment hook '/home/raf/ros2_ws/src/install/my_py_pkg/share/my_py_pkg/hook/pythonpath.sh'
[8.473s] Level 1:colcon.colcon_core.environment:checking '/home/raf/ros2_ws/src/install/my_py_pkg/bin'
[8.474s] Level 1:colcon.colcon_core.environment:create_environment_scripts_only(my_py_pkg)
[8.499s] INFO:colcon.colcon_core.shell:Creating package script '/home/raf/ros2_ws/src/install/my_py_pkg/share/my_py_pkg/package.ps1'
[8.500s] INFO:colcon.colcon_core.shell:Creating package descriptor '/home/raf/ros2_ws/src/install/my_py_pkg/share/my_py_pkg/package.dsv'
[8.502s] INFO:colcon.colcon_core.shell:Creating package script '/home/raf/ros2_ws/src/install/my_py_pkg/share/my_py_pkg/package.sh'
[8.503s] INFO:colcon.colcon_core.shell:Creating package script '/home/raf/ros2_ws/src/install/my_py_pkg/share/my_py_pkg/package.bash'
[8.504s] INFO:colcon.colcon_core.shell:Creating package script '/home/raf/ros2_ws/src/install/my_py_pkg/share/my_py_pkg/package.zsh'
[8.507s] Level 1:colcon.colcon_core.environment:create_file_with_runtime_dependencies(/home/raf/ros2_ws/src/install/my_py_pkg/share/colcon-core/packages/my_py_pkg)
[8.509s] DEBUG:colcon.colcon_parallel_executor.executor.parallel:closing loop
[8.510s] DEBUG:colcon.colcon_parallel_executor.executor.parallel:loop closed
[8.510s] DEBUG:colcon.colcon_parallel_executor.executor.parallel:run_until_complete finished with '0'
[8.510s] DEBUG:colcon.colcon_core.event_reactor:joining thread
[8.595s] INFO:colcon.colcon_core.plugin_system:Skipping extension 'colcon_notification.desktop_notification.terminal_notifier': Not used on non-Darwin systems
[8.596s] INFO:colcon.colcon_core.plugin_system:Skipping extension 'colcon_notification.desktop_notification.win32': Not used on non-Windows systems
[8.596s] INFO:colcon.colcon_notification.desktop_notification:Sending desktop notification using 'notify2'
[8.620s] DEBUG:colcon.colcon_core.event_reactor:joined thread
[8.654s] INFO:colcon.colcon_core.shell:Creating prefix script '/home/raf/ros2_ws/src/install/local_setup.ps1'
[8.662s] INFO:colcon.colcon_core.shell:Creating prefix util module '/home/raf/ros2_ws/src/install/_local_setup_util_ps1.py'
[8.666s] INFO:colcon.colcon_core.shell:Creating prefix chain script '/home/raf/ros2_ws/src/install/setup.ps1'
[8.709s] INFO:colcon.colcon_core.shell:Creating prefix script '/home/raf/ros2_ws/src/install/local_setup.sh'
[8.712s] INFO:colcon.colcon_core.shell:Creating prefix util module '/home/raf/ros2_ws/src/install/_local_setup_util_sh.py'
[8.714s] INFO:colcon.colcon_core.shell:Creating prefix chain script '/home/raf/ros2_ws/src/install/setup.sh'
[8.746s] INFO:colcon.colcon_core.shell:Creating prefix script '/home/raf/ros2_ws/src/install/local_setup.bash'
[8.748s] INFO:colcon.colcon_core.shell:Creating prefix chain script '/home/raf/ros2_ws/src/install/setup.bash'
[8.782s] INFO:colcon.colcon_core.shell:Creating prefix script '/home/raf/ros2_ws/src/install/local_setup.zsh'
[8.795s] INFO:colcon.colcon_core.shell:Creating prefix chain script '/home/raf/ros2_ws/src/install/setup.zsh'
