[2.880s] DEBUG:colcon:Command line arguments: ['/usr/bin/colcon', 'build']
[2.881s] DEBUG:colcon:Parsed command line arguments: Namespace(log_base=None, log_level=None, verb_name='build', build_base='build', install_base='install', merge_install=False, symlink_install=False, test_result_base=None, continue_on_error=False, executor='parallel', parallel_workers=2, event_handlers=None, ignore_user_meta=False, metas=['./colcon.meta'], base_paths=['.'], packages_ignore=None, packages_ignore_regex=None, paths=None, packages_up_to=None, packages_up_to_regex=None, packages_above=None, packages_above_and_dependencies=None, packages_above_depth=None, packages_select_by_dep=None, packages_skip_by_dep=None, packages_skip_up_to=None, packages_select_build_failed=False, packages_skip_build_finished=False, packages_select_test_failures=False, packages_skip_test_passed=False, packages_select=None, packages_skip=None, packages_select_regex=None, packages_skip_regex=None, packages_start=None, packages_end=None, allow_overriding=[], cmake_args=None, cmake_target=None, cmake_target_skip_unavailable=False, cmake_clean_cache=False, cmake_clean_first=False, cmake_force_configure=False, ament_cmake_args=None, catkin_cmake_args=None, catkin_skip_building_tests=False, verb_parser=<colcon_defaults.argument_parser.defaults.DefaultArgumentsDecorator object at 0x7f27af9e84c0>, verb_extension=<colcon_core.verb.build.BuildVerb object at 0x7f27af9e9960>, main=<bound method BuildVerb.main of <colcon_core.verb.build.BuildVerb object at 0x7f27af9e9960>>)
[3.093s] Level 1:colcon.colcon_core.package_discovery:discover_packages(colcon_meta) check parameters
[3.094s] Level 1:colcon.colcon_core.package_discovery:discover_packages(recursive) check parameters
[3.094s] Level 1:colcon.colcon_core.package_discovery:discover_packages(ignore) check parameters
[3.094s] Level 1:colcon.colcon_core.package_discovery:discover_packages(path) check parameters
[3.094s] Level 1:colcon.colcon_core.package_discovery:discover_packages(colcon_meta) discover
[3.094s] Level 1:colcon.colcon_core.package_discovery:discover_packages(recursive) discover
[3.094s] INFO:colcon.colcon_core.package_discovery:Crawling recursively for packages in '/home/raf/ros2_ws/src'
[3.095s] Level 1:colcon.colcon_core.package_identification:_identify(.) by extensions ['ignore', 'ignore_ament_install']
[3.095s] Level 1:colcon.colcon_core.package_identification:_identify(.) by extension 'ignore'
[3.095s] Level 1:colcon.colcon_core.package_identification:_identify(.) by extension 'ignore_ament_install'
[3.095s] Level 1:colcon.colcon_core.package_identification:_identify(.) by extensions ['colcon_pkg']
[3.096s] Level 1:colcon.colcon_core.package_identification:_identify(.) by extension 'colcon_pkg'
[3.096s] Level 1:colcon.colcon_core.package_identification:_identify(.) by extensions ['colcon_meta']
[3.096s] Level 1:colcon.colcon_core.package_identification:_identify(.) by extension 'colcon_meta'
[3.096s] Level 1:colcon.colcon_core.package_identification:_identify(.) by extensions ['ros']
[3.096s] Level 1:colcon.colcon_core.package_identification:_identify(.) by extension 'ros'
[3.134s] Level 1:colcon.colcon_core.package_identification:_identify(.) by extensions ['cmake', 'python']
[3.134s] Level 1:colcon.colcon_core.package_identification:_identify(.) by extension 'cmake'
[3.135s] Level 1:colcon.colcon_core.package_identification:_identify(.) by extension 'python'
[3.135s] Level 1:colcon.colcon_core.package_identification:_identify(.) by extensions ['python_setup_py']
[3.135s] Level 1:colcon.colcon_core.package_identification:_identify(.) by extension 'python_setup_py'
[3.135s] Level 1:colcon.colcon_core.package_identification:_identify(build) by extensions ['ignore', 'ignore_ament_install']
[3.135s] Level 1:colcon.colcon_core.package_identification:_identify(build) by extension 'ignore'
[3.135s] Level 1:colcon.colcon_core.package_identification:_identify(build) ignored
[3.136s] Level 1:colcon.colcon_core.package_identification:_identify(install) by extensions ['ignore', 'ignore_ament_install']
[3.136s] Level 1:colcon.colcon_core.package_identification:_identify(install) by extension 'ignore'
[3.136s] Level 1:colcon.colcon_core.package_identification:_identify(install) ignored
[3.136s] Level 1:colcon.colcon_core.package_identification:_identify(log) by extensions ['ignore', 'ignore_ament_install']
[3.136s] Level 1:colcon.colcon_core.package_identification:_identify(log) by extension 'ignore'
[3.136s] Level 1:colcon.colcon_core.package_identification:_identify(log) ignored
[3.137s] Level 1:colcon.colcon_core.package_identification:_identify(my_py_pkg) by extensions ['ignore', 'ignore_ament_install']
[3.137s] Level 1:colcon.colcon_core.package_identification:_identify(my_py_pkg) by extension 'ignore'
[3.137s] Level 1:colcon.colcon_core.package_identification:_identify(my_py_pkg) by extension 'ignore_ament_install'
[3.137s] Level 1:colcon.colcon_core.package_identification:_identify(my_py_pkg) by extensions ['colcon_pkg']
[3.137s] Level 1:colcon.colcon_core.package_identification:_identify(my_py_pkg) by extension 'colcon_pkg'
[3.137s] Level 1:colcon.colcon_core.package_identification:_identify(my_py_pkg) by extensions ['colcon_meta']
[3.137s] Level 1:colcon.colcon_core.package_identification:_identify(my_py_pkg) by extension 'colcon_meta'
[3.137s] Level 1:colcon.colcon_core.package_identification:_identify(my_py_pkg) by extensions ['ros']
[3.137s] Level 1:colcon.colcon_core.package_identification:_identify(my_py_pkg) by extension 'ros'
[3.144s] DEBUG:colcon.colcon_core.package_identification:Package 'my_py_pkg' with type 'ros.ament_python' and name 'my_py_pkg'
[3.144s] Level 1:colcon.colcon_core.package_discovery:discover_packages(recursive) using defaults
[3.144s] Level 1:colcon.colcon_core.package_discovery:discover_packages(ignore) discover
[3.144s] Level 1:colcon.colcon_core.package_discovery:discover_packages(ignore) using defaults
[3.144s] Level 1:colcon.colcon_core.package_discovery:discover_packages(path) discover
[3.144s] Level 1:colcon.colcon_core.package_discovery:discover_packages(path) using defaults
[3.342s] Level 1:colcon.colcon_core.package_discovery:discover_packages(prefix_path) check parameters
[3.342s] Level 1:colcon.colcon_core.package_discovery:discover_packages(prefix_path) discover
[3.401s] DEBUG:colcon.colcon_installed_package_information.package_discovery:Found 270 installed packages in /opt/ros/humble
[3.403s] Level 1:colcon.colcon_core.package_discovery:discover_packages(prefix_path) using defaults
[3.707s] Level 5:colcon.colcon_core.verb:set package 'my_py_pkg' build argument 'cmake_args' from command line to 'None'
[3.707s] Level 5:colcon.colcon_core.verb:set package 'my_py_pkg' build argument 'cmake_target' from command line to 'None'
[3.707s] Level 5:colcon.colcon_core.verb:set package 'my_py_pkg' build argument 'cmake_target_skip_unavailable' from command line to 'False'
[3.707s] Level 5:colcon.colcon_core.verb:set package 'my_py_pkg' build argument 'cmake_clean_cache' from command line to 'False'
[3.707s] Level 5:colcon.colcon_core.verb:set package 'my_py_pkg' build argument 'cmake_clean_first' from command line to 'False'
[3.707s] Level 5:colcon.colcon_core.verb:set package 'my_py_pkg' build argument 'cmake_force_configure' from command line to 'False'
[3.707s] Level 5:colcon.colcon_core.verb:set package 'my_py_pkg' build argument 'ament_cmake_args' from command line to 'None'
[3.707s] Level 5:colcon.colcon_core.verb:set package 'my_py_pkg' build argument 'catkin_cmake_args' from command line to 'None'
[3.708s] Level 5:colcon.colcon_core.verb:set package 'my_py_pkg' build argument 'catkin_skip_building_tests' from command line to 'False'
[3.708s] DEBUG:colcon.colcon_core.verb:Building package 'my_py_pkg' with the following arguments: {'ament_cmake_args': None, 'build_base': '/home/raf/ros2_ws/src/build/my_py_pkg', 'catkin_cmake_args': None, 'catkin_skip_building_tests': False, 'cmake_args': None, 'cmake_clean_cache': False, 'cmake_clean_first': False, 'cmake_force_configure': False, 'cmake_target': None, 'cmake_target_skip_unavailable': False, 'install_base': '/home/raf/ros2_ws/src/install/my_py_pkg', 'merge_install': False, 'path': '/home/raf/ros2_ws/src/my_py_pkg', 'symlink_install': False, 'test_result_base': None}
[3.733s] INFO:colcon.colcon_core.executor:Executing jobs using 'parallel' executor
[3.756s] DEBUG:colcon.colcon_parallel_executor.executor.parallel:run_until_complete
[3.756s] INFO:colcon.colcon_ros.task.ament_python.build:Building ROS package in '/home/raf/ros2_ws/src/my_py_pkg' with build type 'ament_python'
[3.756s] Level 1:colcon.colcon_core.shell:create_environment_hook('my_py_pkg', 'ament_prefix_path')
[3.818s] INFO:colcon.colcon_core.plugin_system:Skipping extension 'colcon_core.shell.bat': Not used on non-Windows systems
[3.819s] INFO:colcon.colcon_core.shell:Creating environment hook '/home/raf/ros2_ws/src/install/my_py_pkg/share/my_py_pkg/hook/ament_prefix_path.ps1'
[3.832s] INFO:colcon.colcon_core.shell:Creating environment descriptor '/home/raf/ros2_ws/src/install/my_py_pkg/share/my_py_pkg/hook/ament_prefix_path.dsv'
[3.834s] INFO:colcon.colcon_core.shell:Creating environment hook '/home/raf/ros2_ws/src/install/my_py_pkg/share/my_py_pkg/hook/ament_prefix_path.sh'
[3.900s] INFO:colcon.colcon_core.shell:Skip shell extension 'powershell' for command environment: Not usable outside of PowerShell
[3.900s] DEBUG:colcon.colcon_core.shell:Skip shell extension 'dsv' for command environment
[4.511s] INFO:colcon.colcon_core.task.python.build:Building Python package in '/home/raf/ros2_ws/src/my_py_pkg'
[4.539s] INFO:colcon.colcon_core.shell:Skip shell extension 'powershell' for command environment: Not usable outside of PowerShell
[4.540s] DEBUG:colcon.colcon_core.shell:Skip shell extension 'dsv' for command environment
[5.315s] DEBUG:colcon.colcon_core.event_handler.log_command:Invoking command in '/home/raf/ros2_ws/src/my_py_pkg': PYTHONPATH=/home/raf/ros2_ws/src/build/my_py_pkg/prefix_override:/home/raf/ros2_ws/src/install/my_py_pkg/lib/python3.10/site-packages:${PYTHONPATH} /usr/bin/python3 setup.py egg_info --egg-base ../build/my_py_pkg build --build-base /home/raf/ros2_ws/src/build/my_py_pkg/build install --record /home/raf/ros2_ws/src/build/my_py_pkg/install.log --single-version-externally-managed
[5.878s] DEBUG:colcon.colcon_core.event_handler.log_command:Invoked command in '/home/raf/ros2_ws/src/my_py_pkg' returned '0': PYTHONPATH=/home/raf/ros2_ws/src/build/my_py_pkg/prefix_override:/home/raf/ros2_ws/src/install/my_py_pkg/lib/python3.10/site-packages:${PYTHONPATH} /usr/bin/python3 setup.py egg_info --egg-base ../build/my_py_pkg build --build-base /home/raf/ros2_ws/src/build/my_py_pkg/build install --record /home/raf/ros2_ws/src/build/my_py_pkg/install.log --single-version-externally-managed
[5.925s] Level 1:colcon.colcon_core.environment:checking '/home/raf/ros2_ws/src/install/my_py_pkg' for CMake module files
[5.926s] Level 1:colcon.colcon_core.environment:checking '/home/raf/ros2_ws/src/install/my_py_pkg' for CMake config files
[5.928s] Level 1:colcon.colcon_core.environment:checking '/home/raf/ros2_ws/src/install/my_py_pkg/lib'
[5.928s] Level 1:colcon.colcon_core.environment:checking '/home/raf/ros2_ws/src/install/my_py_pkg/bin'
[5.929s] Level 1:colcon.colcon_core.environment:checking '/home/raf/ros2_ws/src/install/my_py_pkg/lib/pkgconfig/my_py_pkg.pc'
[5.929s] Level 1:colcon.colcon_core.environment:checking '/home/raf/ros2_ws/src/install/my_py_pkg/lib/python3.10/site-packages'
[5.929s] Level 1:colcon.colcon_core.shell:create_environment_hook('my_py_pkg', 'pythonpath')
[5.961s] INFO:colcon.colcon_core.shell:Creating environment hook '/home/raf/ros2_ws/src/install/my_py_pkg/share/my_py_pkg/hook/pythonpath.ps1'
[5.962s] INFO:colcon.colcon_core.shell:Creating environment descriptor '/home/raf/ros2_ws/src/install/my_py_pkg/share/my_py_pkg/hook/pythonpath.dsv'
[5.963s] INFO:colcon.colcon_core.shell:Creating environment hook '/home/raf/ros2_ws/src/install/my_py_pkg/share/my_py_pkg/hook/pythonpath.sh'
[5.964s] Level 1:colcon.colcon_core.environment:checking '/home/raf/ros2_ws/src/install/my_py_pkg/bin'
[5.964s] Level 1:colcon.colcon_core.environment:create_environment_scripts_only(my_py_pkg)
[5.987s] INFO:colcon.colcon_core.shell:Creating package script '/home/raf/ros2_ws/src/install/my_py_pkg/share/my_py_pkg/package.ps1'
[5.989s] INFO:colcon.colcon_core.shell:Creating package descriptor '/home/raf/ros2_ws/src/install/my_py_pkg/share/my_py_pkg/package.dsv'
[5.990s] INFO:colcon.colcon_core.shell:Creating package script '/home/raf/ros2_ws/src/install/my_py_pkg/share/my_py_pkg/package.sh'
[5.992s] INFO:colcon.colcon_core.shell:Creating package script '/home/raf/ros2_ws/src/install/my_py_pkg/share/my_py_pkg/package.bash'
[5.996s] INFO:colcon.colcon_core.shell:Creating package script '/home/raf/ros2_ws/src/install/my_py_pkg/share/my_py_pkg/package.zsh'
[5.999s] Level 1:colcon.colcon_core.environment:create_file_with_runtime_dependencies(/home/raf/ros2_ws/src/install/my_py_pkg/share/colcon-core/packages/my_py_pkg)
[6.000s] DEBUG:colcon.colcon_parallel_executor.executor.parallel:closing loop
[6.001s] DEBUG:colcon.colcon_parallel_executor.executor.parallel:loop closed
[6.001s] DEBUG:colcon.colcon_parallel_executor.executor.parallel:run_until_complete finished with '0'
[6.001s] DEBUG:colcon.colcon_core.event_reactor:joining thread
[6.074s] INFO:colcon.colcon_core.plugin_system:Skipping extension 'colcon_notification.desktop_notification.terminal_notifier': Not used on non-Darwin systems
[6.074s] INFO:colcon.colcon_core.plugin_system:Skipping extension 'colcon_notification.desktop_notification.win32': Not used on non-Windows systems
[6.074s] INFO:colcon.colcon_notification.desktop_notification:Sending desktop notification using 'notify2'
[6.248s] DEBUG:colcon.colcon_core.event_reactor:joined thread
[6.289s] INFO:colcon.colcon_core.shell:Creating prefix script '/home/raf/ros2_ws/src/install/local_setup.ps1'
[6.292s] INFO:colcon.colcon_core.shell:Creating prefix util module '/home/raf/ros2_ws/src/install/_local_setup_util_ps1.py'
[6.297s] INFO:colcon.colcon_core.shell:Creating prefix chain script '/home/raf/ros2_ws/src/install/setup.ps1'
[6.340s] INFO:colcon.colcon_core.shell:Creating prefix script '/home/raf/ros2_ws/src/install/local_setup.sh'
[6.344s] INFO:colcon.colcon_core.shell:Creating prefix util module '/home/raf/ros2_ws/src/install/_local_setup_util_sh.py'
[6.345s] INFO:colcon.colcon_core.shell:Creating prefix chain script '/home/raf/ros2_ws/src/install/setup.sh'
[6.380s] INFO:colcon.colcon_core.shell:Creating prefix script '/home/raf/ros2_ws/src/install/local_setup.bash'
[6.382s] INFO:colcon.colcon_core.shell:Creating prefix chain script '/home/raf/ros2_ws/src/install/setup.bash'
[6.417s] INFO:colcon.colcon_core.shell:Creating prefix script '/home/raf/ros2_ws/src/install/local_setup.zsh'
[6.419s] INFO:colcon.colcon_core.shell:Creating prefix chain script '/home/raf/ros2_ws/src/install/setup.zsh'
