[2.982s] Invoking command in '/home/raf/ros2_ws/src/my_py_pkg': PYTHONPATH=/home/raf/ros2_ws/src/build/my_py_pkg/prefix_override:/home/raf/ros2_ws/src/install/my_py_pkg/lib/python3.10/site-packages:${PYTHONPATH} /usr/bin/python3 setup.py egg_info --egg-base ../build/my_py_pkg build --build-base /home/raf/ros2_ws/src/build/my_py_pkg/build install --record /home/raf/ros2_ws/src/build/my_py_pkg/install.log --single-version-externally-managed
[5.210s] running egg_info
[5.211s] writing ../build/my_py_pkg/my_py_pkg.egg-info/PKG-INFO
[5.212s] writing dependency_links to ../build/my_py_pkg/my_py_pkg.egg-info/dependency_links.txt
[5.213s] writing entry points to ../build/my_py_pkg/my_py_pkg.egg-info/entry_points.txt
[5.214s] writing requirements to ../build/my_py_pkg/my_py_pkg.egg-info/requires.txt
[5.215s] writing top-level names to ../build/my_py_pkg/my_py_pkg.egg-info/top_level.txt
[5.218s] reading manifest file '../build/my_py_pkg/my_py_pkg.egg-info/SOURCES.txt'
[5.221s] writing manifest file '../build/my_py_pkg/my_py_pkg.egg-info/SOURCES.txt'
[5.223s] running build
[5.223s] running build_py
[5.225s] running install
[5.226s] running install_lib
[5.233s] running install_data
[5.234s] running install_egg_info
[5.243s] removing '/home/raf/ros2_ws/src/install/my_py_pkg/lib/python3.10/site-packages/my_py_pkg-0.0.0-py3.10.egg-info' (and everything under it)
[5.248s] Copying ../build/my_py_pkg/my_py_pkg.egg-info to /home/raf/ros2_ws/src/install/my_py_pkg/lib/python3.10/site-packages/my_py_pkg-0.0.0-py3.10.egg-info
[5.249s] running install_scripts
[5.325s] writing list of installed files to '/home/raf/ros2_ws/src/build/my_py_pkg/install.log'
[5.389s] Invoked command in '/home/raf/ros2_ws/src/my_py_pkg' returned '0': PYTHONPATH=/home/raf/ros2_ws/src/build/my_py_pkg/prefix_override:/home/raf/ros2_ws/src/install/my_py_pkg/lib/python3.10/site-packages:${PYTHONPATH} /usr/bin/python3 setup.py egg_info --egg-base ../build/my_py_pkg build --build-base /home/raf/ros2_ws/src/build/my_py_pkg/build install --record /home/raf/ros2_ws/src/build/my_py_pkg/install.log --single-version-externally-managed
