[4.813s] Invoking command in '/home/raf/ros2_ws/src/my_py_pkg': PYTHONPATH=/home/raf/ros2_ws/src/build/my_py_pkg/prefix_override:/home/raf/ros2_ws/src/install/my_py_pkg/lib/python3.10/site-packages:${PYTHONPATH} /usr/bin/python3 setup.py egg_info --egg-base ../build/my_py_pkg build --build-base /home/raf/ros2_ws/src/build/my_py_pkg/build install --record /home/raf/ros2_ws/src/build/my_py_pkg/install.log --single-version-externally-managed
[6.963s] running egg_info
[6.983s] writing ../build/my_py_pkg/my_py_pkg.egg-info/PKG-INFO
[6.993s] writing dependency_links to ../build/my_py_pkg/my_py_pkg.egg-info/dependency_links.txt
[6.996s] writing entry points to ../build/my_py_pkg/my_py_pkg.egg-info/entry_points.txt
[7.001s] writing requirements to ../build/my_py_pkg/my_py_pkg.egg-info/requires.txt
[7.004s] writing top-level names to ../build/my_py_pkg/my_py_pkg.egg-info/top_level.txt
[7.016s] reading manifest file '../build/my_py_pkg/my_py_pkg.egg-info/SOURCES.txt'
[7.021s] writing manifest file '../build/my_py_pkg/my_py_pkg.egg-info/SOURCES.txt'
[7.024s] running build
[7.024s] running build_py
[7.031s] running install
[7.034s] running install_lib
[7.045s] running install_data
[7.054s] running install_egg_info
[7.063s] removing '/home/raf/ros2_ws/src/install/my_py_pkg/lib/python3.10/site-packages/my_py_pkg-0.0.0-py3.10.egg-info' (and everything under it)
[7.074s] Copying ../build/my_py_pkg/my_py_pkg.egg-info to /home/raf/ros2_ws/src/install/my_py_pkg/lib/python3.10/site-packages/my_py_pkg-0.0.0-py3.10.egg-info
[7.091s] running install_scripts
[7.170s] writing list of installed files to '/home/raf/ros2_ws/src/build/my_py_pkg/install.log'
[7.267s] Invoked command in '/home/raf/ros2_ws/src/my_py_pkg' returned '0': PYTHONPATH=/home/raf/ros2_ws/src/build/my_py_pkg/prefix_override:/home/raf/ros2_ws/src/install/my_py_pkg/lib/python3.10/site-packages:${PYTHONPATH} /usr/bin/python3 setup.py egg_info --egg-base ../build/my_py_pkg build --build-base /home/raf/ros2_ws/src/build/my_py_pkg/build install --record /home/raf/ros2_ws/src/build/my_py_pkg/install.log --single-version-externally-managed
