[1.333s] Invoking command in '/home/raf/ros2_ws/src/my_py_pkg': PYTHONPATH=/home/raf/ros2_ws/src/build/my_py_pkg/prefix_override:/home/raf/ros2_ws/src/install/my_py_pkg/lib/python3.10/site-packages:${PYTHONPATH} /usr/bin/python3 setup.py egg_info --egg-base ../build/my_py_pkg build --build-base /home/raf/ros2_ws/src/build/my_py_pkg/build install --record /home/raf/ros2_ws/src/build/my_py_pkg/install.log --single-version-externally-managed
[1.781s] running egg_info
[1.785s] writing ../build/my_py_pkg/my_py_pkg.egg-info/PKG-INFO
[1.788s] writing dependency_links to ../build/my_py_pkg/my_py_pkg.egg-info/dependency_links.txt
[1.790s] writing entry points to ../build/my_py_pkg/my_py_pkg.egg-info/entry_points.txt
[1.791s] writing requirements to ../build/my_py_pkg/my_py_pkg.egg-info/requires.txt
[1.793s] writing top-level names to ../build/my_py_pkg/my_py_pkg.egg-info/top_level.txt
[1.798s] reading manifest file '../build/my_py_pkg/my_py_pkg.egg-info/SOURCES.txt'
[1.803s] writing manifest file '../build/my_py_pkg/my_py_pkg.egg-info/SOURCES.txt'
[1.805s] running build
[1.806s] running build_py
[1.808s] running install
[1.809s] running install_lib
[1.814s] running install_data
[1.815s] running install_egg_info
[1.820s] removing '/home/raf/ros2_ws/src/install/my_py_pkg/lib/python3.10/site-packages/my_py_pkg-0.0.0-py3.10.egg-info' (and everything under it)
[1.823s] Copying ../build/my_py_pkg/my_py_pkg.egg-info to /home/raf/ros2_ws/src/install/my_py_pkg/lib/python3.10/site-packages/my_py_pkg-0.0.0-py3.10.egg-info
[1.829s] running install_scripts
[1.872s] writing list of installed files to '/home/raf/ros2_ws/src/build/my_py_pkg/install.log'
[1.919s] Invoked command in '/home/raf/ros2_ws/src/my_py_pkg' returned '0': PYTHONPATH=/home/raf/ros2_ws/src/build/my_py_pkg/prefix_override:/home/raf/ros2_ws/src/install/my_py_pkg/lib/python3.10/site-packages:${PYTHONPATH} /usr/bin/python3 setup.py egg_info --egg-base ../build/my_py_pkg build --build-base /home/raf/ros2_ws/src/build/my_py_pkg/build install --record /home/raf/ros2_ws/src/build/my_py_pkg/install.log --single-version-externally-managed
