[3.951s] DEBUG:colcon:Command line arguments: ['/usr/bin/colcon', 'build']
[3.952s] DEBUG:colcon:Parsed command line arguments: Namespace(log_base=None, log_level=None, verb_name='build', build_base='build', install_base='install', merge_install=False, symlink_install=False, test_result_base=None, continue_on_error=False, executor='parallel', parallel_workers=2, event_handlers=None, ignore_user_meta=False, metas=['./colcon.meta'], base_paths=['.'], packages_ignore=None, packages_ignore_regex=None, paths=None, packages_up_to=None, packages_up_to_regex=None, packages_above=None, packages_above_and_dependencies=None, packages_above_depth=None, packages_select_by_dep=None, packages_skip_by_dep=None, packages_skip_up_to=None, packages_select_build_failed=False, packages_skip_build_finished=False, packages_select_test_failures=False, packages_skip_test_passed=False, packages_select=None, packages_skip=None, packages_select_regex=None, packages_skip_regex=None, packages_start=None, packages_end=None, allow_overriding=[], cmake_args=None, cmake_target=None, cmake_target_skip_unavailable=False, cmake_clean_cache=False, cmake_clean_first=False, cmake_force_configure=False, ament_cmake_args=None, catkin_cmake_args=None, catkin_skip_building_tests=False, verb_parser=<colcon_defaults.argument_parser.defaults.DefaultArgumentsDecorator object at 0x7f6f1c996200>, verb_extension=<colcon_core.verb.build.BuildVerb object at 0x7f6f1c995300>, main=<bound method BuildVerb.main of <colcon_core.verb.build.BuildVerb object at 0x7f6f1c995300>>)
[4.171s] Level 1:colcon.colcon_core.package_discovery:discover_packages(colcon_meta) check parameters
[4.171s] Level 1:colcon.colcon_core.package_discovery:discover_packages(recursive) check parameters
[4.171s] Level 1:colcon.colcon_core.package_discovery:discover_packages(ignore) check parameters
[4.171s] Level 1:colcon.colcon_core.package_discovery:discover_packages(path) check parameters
[4.171s] Level 1:colcon.colcon_core.package_discovery:discover_packages(colcon_meta) discover
[4.172s] Level 1:colcon.colcon_core.package_discovery:discover_packages(recursive) discover
[4.172s] INFO:colcon.colcon_core.package_discovery:Crawling recursively for packages in '/home/raf/ros2_ws/src'
[4.173s] Level 1:colcon.colcon_core.package_identification:_identify(.) by extensions ['ignore', 'ignore_ament_install']
[4.173s] Level 1:colcon.colcon_core.package_identification:_identify(.) by extension 'ignore'
[4.173s] Level 1:colcon.colcon_core.package_identification:_identify(.) by extension 'ignore_ament_install'
[4.174s] Level 1:colcon.colcon_core.package_identification:_identify(.) by extensions ['colcon_pkg']
[4.174s] Level 1:colcon.colcon_core.package_identification:_identify(.) by extension 'colcon_pkg'
[4.174s] Level 1:colcon.colcon_core.package_identification:_identify(.) by extensions ['colcon_meta']
[4.174s] Level 1:colcon.colcon_core.package_identification:_identify(.) by extension 'colcon_meta'
[4.174s] Level 1:colcon.colcon_core.package_identification:_identify(.) by extensions ['ros']
[4.174s] Level 1:colcon.colcon_core.package_identification:_identify(.) by extension 'ros'
[4.376s] Level 1:colcon.colcon_core.package_identification:_identify(.) by extensions ['cmake', 'python']
[4.376s] Level 1:colcon.colcon_core.package_identification:_identify(.) by extension 'cmake'
[4.376s] Level 1:colcon.colcon_core.package_identification:_identify(.) by extension 'python'
[4.376s] Level 1:colcon.colcon_core.package_identification:_identify(.) by extensions ['python_setup_py']
[4.376s] Level 1:colcon.colcon_core.package_identification:_identify(.) by extension 'python_setup_py'
[4.378s] Level 1:colcon.colcon_core.package_identification:_identify(build) by extensions ['ignore', 'ignore_ament_install']
[4.378s] Level 1:colcon.colcon_core.package_identification:_identify(build) by extension 'ignore'
[4.378s] Level 1:colcon.colcon_core.package_identification:_identify(build) ignored
[4.379s] Level 1:colcon.colcon_core.package_identification:_identify(install) by extensions ['ignore', 'ignore_ament_install']
[4.380s] Level 1:colcon.colcon_core.package_identification:_identify(install) by extension 'ignore'
[4.380s] Level 1:colcon.colcon_core.package_identification:_identify(install) ignored
[4.380s] Level 1:colcon.colcon_core.package_identification:_identify(log) by extensions ['ignore', 'ignore_ament_install']
[4.380s] Level 1:colcon.colcon_core.package_identification:_identify(log) by extension 'ignore'
[4.381s] Level 1:colcon.colcon_core.package_identification:_identify(log) ignored
[4.383s] Level 1:colcon.colcon_core.package_identification:_identify(my_cpp_pkg) by extensions ['ignore', 'ignore_ament_install']
[4.383s] Level 1:colcon.colcon_core.package_identification:_identify(my_cpp_pkg) by extension 'ignore'
[4.384s] Level 1:colcon.colcon_core.package_identification:_identify(my_cpp_pkg) by extension 'ignore_ament_install'
[4.384s] Level 1:colcon.colcon_core.package_identification:_identify(my_cpp_pkg) by extensions ['colcon_pkg']
[4.384s] Level 1:colcon.colcon_core.package_identification:_identify(my_cpp_pkg) by extension 'colcon_pkg'
[4.384s] Level 1:colcon.colcon_core.package_identification:_identify(my_cpp_pkg) by extensions ['colcon_meta']
[4.384s] Level 1:colcon.colcon_core.package_identification:_identify(my_cpp_pkg) by extension 'colcon_meta'
[4.384s] Level 1:colcon.colcon_core.package_identification:_identify(my_cpp_pkg) by extensions ['ros']
[4.384s] Level 1:colcon.colcon_core.package_identification:_identify(my_cpp_pkg) by extension 'ros'
[4.416s] DEBUG:colcon.colcon_core.package_identification:Package 'my_cpp_pkg' with type 'ros.ament_cmake' and name 'my_cpp_pkg'
[4.417s] Level 1:colcon.colcon_core.package_identification:_identify(my_py_pkg) by extensions ['ignore', 'ignore_ament_install']
[4.418s] Level 1:colcon.colcon_core.package_identification:_identify(my_py_pkg) by extension 'ignore'
[4.418s] Level 1:colcon.colcon_core.package_identification:_identify(my_py_pkg) by extension 'ignore_ament_install'
[4.418s] Level 1:colcon.colcon_core.package_identification:_identify(my_py_pkg) by extensions ['colcon_pkg']
[4.418s] Level 1:colcon.colcon_core.package_identification:_identify(my_py_pkg) by extension 'colcon_pkg'
[4.418s] Level 1:colcon.colcon_core.package_identification:_identify(my_py_pkg) by extensions ['colcon_meta']
[4.418s] Level 1:colcon.colcon_core.package_identification:_identify(my_py_pkg) by extension 'colcon_meta'
[4.418s] Level 1:colcon.colcon_core.package_identification:_identify(my_py_pkg) by extensions ['ros']
[4.418s] Level 1:colcon.colcon_core.package_identification:_identify(my_py_pkg) by extension 'ros'
[4.421s] DEBUG:colcon.colcon_core.package_identification:Package 'my_py_pkg' with type 'ros.ament_python' and name 'my_py_pkg'
[4.421s] Level 1:colcon.colcon_core.package_discovery:discover_packages(recursive) using defaults
[4.421s] Level 1:colcon.colcon_core.package_discovery:discover_packages(ignore) discover
[4.421s] Level 1:colcon.colcon_core.package_discovery:discover_packages(ignore) using defaults
[4.421s] Level 1:colcon.colcon_core.package_discovery:discover_packages(path) discover
[4.421s] Level 1:colcon.colcon_core.package_discovery:discover_packages(path) using defaults
[4.807s] Level 1:colcon.colcon_core.package_discovery:discover_packages(prefix_path) check parameters
[4.807s] Level 1:colcon.colcon_core.package_discovery:discover_packages(prefix_path) discover
[4.865s] DEBUG:colcon.colcon_installed_package_information.package_discovery:Found 0 installed packages in /home/raf/ros2_ws/install
[4.891s] DEBUG:colcon.colcon_installed_package_information.package_discovery:Found 270 installed packages in /opt/ros/humble
[4.894s] Level 1:colcon.colcon_core.package_discovery:discover_packages(prefix_path) using defaults
[5.261s] Level 5:colcon.colcon_core.verb:set package 'my_cpp_pkg' build argument 'cmake_args' from command line to 'None'
[5.262s] Level 5:colcon.colcon_core.verb:set package 'my_cpp_pkg' build argument 'cmake_target' from command line to 'None'
[5.262s] Level 5:colcon.colcon_core.verb:set package 'my_cpp_pkg' build argument 'cmake_target_skip_unavailable' from command line to 'False'
[5.262s] Level 5:colcon.colcon_core.verb:set package 'my_cpp_pkg' build argument 'cmake_clean_cache' from command line to 'False'
[5.262s] Level 5:colcon.colcon_core.verb:set package 'my_cpp_pkg' build argument 'cmake_clean_first' from command line to 'False'
[5.262s] Level 5:colcon.colcon_core.verb:set package 'my_cpp_pkg' build argument 'cmake_force_configure' from command line to 'False'
[5.262s] Level 5:colcon.colcon_core.verb:set package 'my_cpp_pkg' build argument 'ament_cmake_args' from command line to 'None'
[5.262s] Level 5:colcon.colcon_core.verb:set package 'my_cpp_pkg' build argument 'catkin_cmake_args' from command line to 'None'
[5.262s] Level 5:colcon.colcon_core.verb:set package 'my_cpp_pkg' build argument 'catkin_skip_building_tests' from command line to 'False'
[5.262s] DEBUG:colcon.colcon_core.verb:Building package 'my_cpp_pkg' with the following arguments: {'ament_cmake_args': None, 'build_base': '/home/raf/ros2_ws/src/build/my_cpp_pkg', 'catkin_cmake_args': None, 'catkin_skip_building_tests': False, 'cmake_args': None, 'cmake_clean_cache': False, 'cmake_clean_first': False, 'cmake_force_configure': False, 'cmake_target': None, 'cmake_target_skip_unavailable': False, 'install_base': '/home/raf/ros2_ws/src/install/my_cpp_pkg', 'merge_install': False, 'path': '/home/raf/ros2_ws/src/my_cpp_pkg', 'symlink_install': False, 'test_result_base': None}
[5.288s] Level 5:colcon.colcon_core.verb:set package 'my_py_pkg' build argument 'cmake_args' from command line to 'None'
[5.288s] Level 5:colcon.colcon_core.verb:set package 'my_py_pkg' build argument 'cmake_target' from command line to 'None'
[5.288s] Level 5:colcon.colcon_core.verb:set package 'my_py_pkg' build argument 'cmake_target_skip_unavailable' from command line to 'False'
[5.288s] Level 5:colcon.colcon_core.verb:set package 'my_py_pkg' build argument 'cmake_clean_cache' from command line to 'False'
[5.288s] Level 5:colcon.colcon_core.verb:set package 'my_py_pkg' build argument 'cmake_clean_first' from command line to 'False'
[5.288s] Level 5:colcon.colcon_core.verb:set package 'my_py_pkg' build argument 'cmake_force_configure' from command line to 'False'
[5.288s] Level 5:colcon.colcon_core.verb:set package 'my_py_pkg' build argument 'ament_cmake_args' from command line to 'None'
[5.289s] Level 5:colcon.colcon_core.verb:set package 'my_py_pkg' build argument 'catkin_cmake_args' from command line to 'None'
[5.289s] Level 5:colcon.colcon_core.verb:set package 'my_py_pkg' build argument 'catkin_skip_building_tests' from command line to 'False'
[5.289s] DEBUG:colcon.colcon_core.verb:Building package 'my_py_pkg' with the following arguments: {'ament_cmake_args': None, 'build_base': '/home/raf/ros2_ws/src/build/my_py_pkg', 'catkin_cmake_args': None, 'catkin_skip_building_tests': False, 'cmake_args': None, 'cmake_clean_cache': False, 'cmake_clean_first': False, 'cmake_force_configure': False, 'cmake_target': None, 'cmake_target_skip_unavailable': False, 'install_base': '/home/raf/ros2_ws/src/install/my_py_pkg', 'merge_install': False, 'path': '/home/raf/ros2_ws/src/my_py_pkg', 'symlink_install': False, 'test_result_base': None}
[5.319s] INFO:colcon.colcon_core.executor:Executing jobs using 'parallel' executor
[5.356s] DEBUG:colcon.colcon_parallel_executor.executor.parallel:run_until_complete
[5.358s] INFO:colcon.colcon_ros.task.ament_cmake.build:Building ROS package in '/home/raf/ros2_ws/src/my_cpp_pkg' with build type 'ament_cmake'
[5.359s] INFO:colcon.colcon_cmake.task.cmake.build:Building CMake package in '/home/raf/ros2_ws/src/my_cpp_pkg'
[5.402s] INFO:colcon.colcon_core.plugin_system:Skipping extension 'colcon_core.shell.bat': Not used on non-Windows systems
[5.403s] INFO:colcon.colcon_core.shell:Skip shell extension 'powershell' for command environment: Not usable outside of PowerShell
[5.403s] DEBUG:colcon.colcon_core.shell:Skip shell extension 'dsv' for command environment
[5.505s] INFO:colcon.colcon_ros.task.ament_python.build:Building ROS package in '/home/raf/ros2_ws/src/my_py_pkg' with build type 'ament_python'
[5.506s] Level 1:colcon.colcon_core.shell:create_environment_hook('my_py_pkg', 'ament_prefix_path')
[5.563s] INFO:colcon.colcon_core.shell:Creating environment hook '/home/raf/ros2_ws/src/install/my_py_pkg/share/my_py_pkg/hook/ament_prefix_path.ps1'
[5.579s] INFO:colcon.colcon_core.shell:Creating environment descriptor '/home/raf/ros2_ws/src/install/my_py_pkg/share/my_py_pkg/hook/ament_prefix_path.dsv'
[5.585s] INFO:colcon.colcon_core.shell:Creating environment hook '/home/raf/ros2_ws/src/install/my_py_pkg/share/my_py_pkg/hook/ament_prefix_path.sh'
[5.622s] INFO:colcon.colcon_core.shell:Skip shell extension 'powershell' for command environment: Not usable outside of PowerShell
[5.622s] DEBUG:colcon.colcon_core.shell:Skip shell extension 'dsv' for command environment
[5.737s] DEBUG:colcon.colcon_core.event_handler.log_command:Invoking command in '/home/raf/ros2_ws/src/build/my_cpp_pkg': CMAKE_PREFIX_PATH=/opt/ros/humble /usr/bin/cmake --build /home/raf/ros2_ws/src/build/my_cpp_pkg -- -j2 -l2
[7.825s] INFO:colcon.colcon_core.task.python.build:Building Python package in '/home/raf/ros2_ws/src/my_py_pkg'
[7.907s] INFO:colcon.colcon_core.shell:Skip shell extension 'powershell' for command environment: Not usable outside of PowerShell
[7.908s] DEBUG:colcon.colcon_core.shell:Skip shell extension 'dsv' for command environment
[8.188s] DEBUG:colcon.colcon_core.event_handler.log_command:Invoked command in '/home/raf/ros2_ws/src/build/my_cpp_pkg' returned '0': CMAKE_PREFIX_PATH=/opt/ros/humble /usr/bin/cmake --build /home/raf/ros2_ws/src/build/my_cpp_pkg -- -j2 -l2
[8.367s] DEBUG:colcon.colcon_core.event_handler.log_command:Invoking command in '/home/raf/ros2_ws/src/build/my_cpp_pkg': CMAKE_PREFIX_PATH=/opt/ros/humble /usr/bin/cmake --install /home/raf/ros2_ws/src/build/my_cpp_pkg
[8.454s] Level 1:colcon.colcon_core.environment:create_environment_scripts_only(my_cpp_pkg)
[8.455s] DEBUG:colcon.colcon_core.event_handler.log_command:Invoked command in '/home/raf/ros2_ws/src/build/my_cpp_pkg' returned '0': CMAKE_PREFIX_PATH=/opt/ros/humble /usr/bin/cmake --install /home/raf/ros2_ws/src/build/my_cpp_pkg
[8.518s] Level 1:colcon.colcon_core.environment:checking '/home/raf/ros2_ws/src/install/my_cpp_pkg' for CMake module files
[8.523s] Level 1:colcon.colcon_core.environment:checking '/home/raf/ros2_ws/src/install/my_cpp_pkg' for CMake config files
[8.534s] Level 1:colcon.colcon_core.shell:create_environment_hook('my_cpp_pkg', 'cmake_prefix_path')
[8.560s] INFO:colcon.colcon_core.shell:Creating environment hook '/home/raf/ros2_ws/src/install/my_cpp_pkg/share/my_cpp_pkg/hook/cmake_prefix_path.ps1'
[8.562s] INFO:colcon.colcon_core.shell:Creating environment descriptor '/home/raf/ros2_ws/src/install/my_cpp_pkg/share/my_cpp_pkg/hook/cmake_prefix_path.dsv'
[8.563s] INFO:colcon.colcon_core.shell:Creating environment hook '/home/raf/ros2_ws/src/install/my_cpp_pkg/share/my_cpp_pkg/hook/cmake_prefix_path.sh'
[8.565s] Level 1:colcon.colcon_core.environment:checking '/home/raf/ros2_ws/src/install/my_cpp_pkg/bin'
[8.566s] Level 1:colcon.colcon_core.environment:checking '/home/raf/ros2_ws/src/install/my_cpp_pkg/lib/pkgconfig/my_cpp_pkg.pc'
[8.567s] Level 1:colcon.colcon_core.environment:checking '/home/raf/ros2_ws/src/install/my_cpp_pkg/lib/python3.10/site-packages'
[8.567s] Level 1:colcon.colcon_core.environment:checking '/home/raf/ros2_ws/src/install/my_cpp_pkg/bin'
[8.591s] INFO:colcon.colcon_core.shell:Creating package script '/home/raf/ros2_ws/src/install/my_cpp_pkg/share/my_cpp_pkg/package.ps1'
[8.594s] INFO:colcon.colcon_core.shell:Creating package descriptor '/home/raf/ros2_ws/src/install/my_cpp_pkg/share/my_cpp_pkg/package.dsv'
[8.597s] INFO:colcon.colcon_core.shell:Creating package script '/home/raf/ros2_ws/src/install/my_cpp_pkg/share/my_cpp_pkg/package.sh'
[8.601s] INFO:colcon.colcon_core.shell:Creating package script '/home/raf/ros2_ws/src/install/my_cpp_pkg/share/my_cpp_pkg/package.bash'
[8.603s] INFO:colcon.colcon_core.shell:Creating package script '/home/raf/ros2_ws/src/install/my_cpp_pkg/share/my_cpp_pkg/package.zsh'
[8.607s] Level 1:colcon.colcon_core.environment:create_file_with_runtime_dependencies(/home/raf/ros2_ws/src/install/my_cpp_pkg/share/colcon-core/packages/my_cpp_pkg)
[8.795s] Level 1:colcon.colcon_core.environment:create_environment_scripts_only(my_cpp_pkg)
[8.849s] Level 1:colcon.colcon_core.environment:checking '/home/raf/ros2_ws/src/install/my_cpp_pkg' for CMake module files
[8.850s] Level 1:colcon.colcon_core.environment:checking '/home/raf/ros2_ws/src/install/my_cpp_pkg' for CMake config files
[8.857s] Level 1:colcon.colcon_core.shell:create_environment_hook('my_cpp_pkg', 'cmake_prefix_path')
[8.910s] INFO:colcon.colcon_core.shell:Creating environment hook '/home/raf/ros2_ws/src/install/my_cpp_pkg/share/my_cpp_pkg/hook/cmake_prefix_path.ps1'
[8.911s] INFO:colcon.colcon_core.shell:Creating environment descriptor '/home/raf/ros2_ws/src/install/my_cpp_pkg/share/my_cpp_pkg/hook/cmake_prefix_path.dsv'
[8.913s] INFO:colcon.colcon_core.shell:Creating environment hook '/home/raf/ros2_ws/src/install/my_cpp_pkg/share/my_cpp_pkg/hook/cmake_prefix_path.sh'
[8.923s] Level 1:colcon.colcon_core.environment:checking '/home/raf/ros2_ws/src/install/my_cpp_pkg/bin'
[8.923s] Level 1:colcon.colcon_core.environment:checking '/home/raf/ros2_ws/src/install/my_cpp_pkg/lib/pkgconfig/my_cpp_pkg.pc'
[8.923s] Level 1:colcon.colcon_core.environment:checking '/home/raf/ros2_ws/src/install/my_cpp_pkg/lib/python3.10/site-packages'
[8.924s] Level 1:colcon.colcon_core.environment:checking '/home/raf/ros2_ws/src/install/my_cpp_pkg/bin'
[8.998s] INFO:colcon.colcon_core.shell:Creating package script '/home/raf/ros2_ws/src/install/my_cpp_pkg/share/my_cpp_pkg/package.ps1'
[9.006s] INFO:colcon.colcon_core.shell:Creating package descriptor '/home/raf/ros2_ws/src/install/my_cpp_pkg/share/my_cpp_pkg/package.dsv'
[9.008s] INFO:colcon.colcon_core.shell:Creating package script '/home/raf/ros2_ws/src/install/my_cpp_pkg/share/my_cpp_pkg/package.sh'
[9.009s] INFO:colcon.colcon_core.shell:Creating package script '/home/raf/ros2_ws/src/install/my_cpp_pkg/share/my_cpp_pkg/package.bash'
[9.012s] INFO:colcon.colcon_core.shell:Creating package script '/home/raf/ros2_ws/src/install/my_cpp_pkg/share/my_cpp_pkg/package.zsh'
[9.017s] Level 1:colcon.colcon_core.environment:create_file_with_runtime_dependencies(/home/raf/ros2_ws/src/install/my_cpp_pkg/share/colcon-core/packages/my_cpp_pkg)
[9.646s] DEBUG:colcon.colcon_core.event_handler.log_command:Invoking command in '/home/raf/ros2_ws/src/my_py_pkg': PYTHONPATH=/home/raf/ros2_ws/src/build/my_py_pkg/prefix_override:/home/raf/ros2_ws/src/install/my_py_pkg/lib/python3.10/site-packages:${PYTHONPATH} /usr/bin/python3 setup.py egg_info --egg-base ../build/my_py_pkg build --build-base /home/raf/ros2_ws/src/build/my_py_pkg/build install --record /home/raf/ros2_ws/src/build/my_py_pkg/install.log --single-version-externally-managed
[10.491s] DEBUG:colcon.colcon_core.event_handler.log_command:Invoked command in '/home/raf/ros2_ws/src/my_py_pkg' returned '0': PYTHONPATH=/home/raf/ros2_ws/src/build/my_py_pkg/prefix_override:/home/raf/ros2_ws/src/install/my_py_pkg/lib/python3.10/site-packages:${PYTHONPATH} /usr/bin/python3 setup.py egg_info --egg-base ../build/my_py_pkg build --build-base /home/raf/ros2_ws/src/build/my_py_pkg/build install --record /home/raf/ros2_ws/src/build/my_py_pkg/install.log --single-version-externally-managed
[10.541s] Level 1:colcon.colcon_core.environment:checking '/home/raf/ros2_ws/src/install/my_py_pkg' for CMake module files
[10.551s] Level 1:colcon.colcon_core.environment:checking '/home/raf/ros2_ws/src/install/my_py_pkg' for CMake config files
[10.565s] Level 1:colcon.colcon_core.environment:checking '/home/raf/ros2_ws/src/install/my_py_pkg/lib'
[10.566s] Level 1:colcon.colcon_core.environment:checking '/home/raf/ros2_ws/src/install/my_py_pkg/bin'
[10.566s] Level 1:colcon.colcon_core.environment:checking '/home/raf/ros2_ws/src/install/my_py_pkg/lib/pkgconfig/my_py_pkg.pc'
[10.566s] Level 1:colcon.colcon_core.environment:checking '/home/raf/ros2_ws/src/install/my_py_pkg/lib/python3.10/site-packages'
[10.566s] Level 1:colcon.colcon_core.shell:create_environment_hook('my_py_pkg', 'pythonpath')
[10.602s] INFO:colcon.colcon_core.shell:Creating environment hook '/home/raf/ros2_ws/src/install/my_py_pkg/share/my_py_pkg/hook/pythonpath.ps1'
[10.603s] INFO:colcon.colcon_core.shell:Creating environment descriptor '/home/raf/ros2_ws/src/install/my_py_pkg/share/my_py_pkg/hook/pythonpath.dsv'
[10.604s] INFO:colcon.colcon_core.shell:Creating environment hook '/home/raf/ros2_ws/src/install/my_py_pkg/share/my_py_pkg/hook/pythonpath.sh'
[10.608s] Level 1:colcon.colcon_core.environment:checking '/home/raf/ros2_ws/src/install/my_py_pkg/bin'
[10.608s] Level 1:colcon.colcon_core.environment:create_environment_scripts_only(my_py_pkg)
[10.655s] INFO:colcon.colcon_core.shell:Creating package script '/home/raf/ros2_ws/src/install/my_py_pkg/share/my_py_pkg/package.ps1'
[10.657s] INFO:colcon.colcon_core.shell:Creating package descriptor '/home/raf/ros2_ws/src/install/my_py_pkg/share/my_py_pkg/package.dsv'
[10.658s] INFO:colcon.colcon_core.shell:Creating package script '/home/raf/ros2_ws/src/install/my_py_pkg/share/my_py_pkg/package.sh'
[10.659s] INFO:colcon.colcon_core.shell:Creating package script '/home/raf/ros2_ws/src/install/my_py_pkg/share/my_py_pkg/package.bash'
[10.660s] INFO:colcon.colcon_core.shell:Creating package script '/home/raf/ros2_ws/src/install/my_py_pkg/share/my_py_pkg/package.zsh'
[10.661s] Level 1:colcon.colcon_core.environment:create_file_with_runtime_dependencies(/home/raf/ros2_ws/src/install/my_py_pkg/share/colcon-core/packages/my_py_pkg)
[10.663s] DEBUG:colcon.colcon_parallel_executor.executor.parallel:closing loop
[10.664s] DEBUG:colcon.colcon_parallel_executor.executor.parallel:loop closed
[10.664s] DEBUG:colcon.colcon_parallel_executor.executor.parallel:run_until_complete finished with '0'
[10.665s] DEBUG:colcon.colcon_core.event_reactor:joining thread
[10.799s] INFO:colcon.colcon_core.plugin_system:Skipping extension 'colcon_notification.desktop_notification.terminal_notifier': Not used on non-Darwin systems
[10.800s] INFO:colcon.colcon_core.plugin_system:Skipping extension 'colcon_notification.desktop_notification.win32': Not used on non-Windows systems
[10.800s] INFO:colcon.colcon_notification.desktop_notification:Sending desktop notification using 'notify2'
[11.618s] DEBUG:colcon.colcon_core.event_reactor:joined thread
[11.666s] INFO:colcon.colcon_core.shell:Creating prefix script '/home/raf/ros2_ws/src/install/local_setup.ps1'
[11.675s] INFO:colcon.colcon_core.shell:Creating prefix util module '/home/raf/ros2_ws/src/install/_local_setup_util_ps1.py'
[11.688s] INFO:colcon.colcon_core.shell:Creating prefix chain script '/home/raf/ros2_ws/src/install/setup.ps1'
[11.753s] INFO:colcon.colcon_core.shell:Creating prefix script '/home/raf/ros2_ws/src/install/local_setup.sh'
[11.755s] INFO:colcon.colcon_core.shell:Creating prefix util module '/home/raf/ros2_ws/src/install/_local_setup_util_sh.py'
[11.759s] INFO:colcon.colcon_core.shell:Creating prefix chain script '/home/raf/ros2_ws/src/install/setup.sh'
[11.799s] INFO:colcon.colcon_core.shell:Creating prefix script '/home/raf/ros2_ws/src/install/local_setup.bash'
[11.801s] INFO:colcon.colcon_core.shell:Creating prefix chain script '/home/raf/ros2_ws/src/install/setup.bash'
[11.835s] INFO:colcon.colcon_core.shell:Creating prefix script '/home/raf/ros2_ws/src/install/local_setup.zsh'
[11.839s] INFO:colcon.colcon_core.shell:Creating prefix chain script '/home/raf/ros2_ws/src/install/setup.zsh'
