[4.138s] Invoking command in '/home/raf/ros2_ws/src/my_py_pkg': PYTHONPATH=/home/raf/ros2_ws/src/build/my_py_pkg/prefix_override:/home/raf/ros2_ws/src/install/my_py_pkg/lib/python3.10/site-packages:${PYTHONPATH} /usr/bin/python3 setup.py egg_info --egg-base ../build/my_py_pkg build --build-base /home/raf/ros2_ws/src/build/my_py_pkg/build install --record /home/raf/ros2_ws/src/build/my_py_pkg/install.log --single-version-externally-managed
[4.613s] running egg_info
[4.613s] writing ../build/my_py_pkg/my_py_pkg.egg-info/PKG-INFO
[4.643s] writing dependency_links to ../build/my_py_pkg/my_py_pkg.egg-info/dependency_links.txt
[4.674s] writing entry points to ../build/my_py_pkg/my_py_pkg.egg-info/entry_points.txt
[4.674s] writing requirements to ../build/my_py_pkg/my_py_pkg.egg-info/requires.txt
[4.687s] writing top-level names to ../build/my_py_pkg/my_py_pkg.egg-info/top_level.txt
[4.696s] reading manifest file '../build/my_py_pkg/my_py_pkg.egg-info/SOURCES.txt'
[4.709s] writing manifest file '../build/my_py_pkg/my_py_pkg.egg-info/SOURCES.txt'
[4.709s] running build
[4.709s] running build_py
[4.713s] running install
[4.713s] running install_lib
[4.733s] running install_data
[4.733s] running install_egg_info
[4.733s] removing '/home/raf/ros2_ws/src/install/my_py_pkg/lib/python3.10/site-packages/my_py_pkg-0.0.0-py3.10.egg-info' (and everything under it)
[4.936s] Copying ../build/my_py_pkg/my_py_pkg.egg-info to /home/raf/ros2_ws/src/install/my_py_pkg/lib/python3.10/site-packages/my_py_pkg-0.0.0-py3.10.egg-info
[4.937s] running install_scripts
[4.937s] writing list of installed files to '/home/raf/ros2_ws/src/build/my_py_pkg/install.log'
[4.983s] Invoked command in '/home/raf/ros2_ws/src/my_py_pkg' returned '0': PYTHONPATH=/home/raf/ros2_ws/src/build/my_py_pkg/prefix_override:/home/raf/ros2_ws/src/install/my_py_pkg/lib/python3.10/site-packages:${PYTHONPATH} /usr/bin/python3 setup.py egg_info --egg-base ../build/my_py_pkg build --build-base /home/raf/ros2_ws/src/build/my_py_pkg/build install --record /home/raf/ros2_ws/src/build/my_py_pkg/install.log --single-version-externally-managed
