[0.267s] Invoking command in '/home/raf/ros2_ws/src/build/my_cpp_pkg': CMAKE_PREFIX_PATH=/opt/ros/humble /usr/bin/cmake /home/raf/ros2_ws/src/my_cpp_pkg -DCMAKE_INSTALL_PREFIX=/home/raf/ros2_ws/src/install/my_cpp_pkg
[2.809s] -- The C compiler identification is GNU 11.4.0
[4.672s] -- The CXX compiler identification is GNU 11.4.0
[4.949s] -- Detecting C compiler ABI info
[5.848s] -- Detecting C compiler ABI info - done
[5.881s] -- Check for working C compiler: /usr/bin/cc - skipped
[5.884s] -- Detecting C compile features
[5.896s] -- Detecting C compile features - done
[5.920s] -- Detecting CXX compiler ABI info
[6.696s] -- Detecting CXX compiler ABI info - done
[6.774s] -- Check for working CXX compiler: /usr/bin/c++ - skipped
[6.776s] -- Detecting CXX compile features
[6.777s] -- Detecting CXX compile features - done
[6.834s] -- Found ament_cmake: 1.3.7 (/opt/ros/humble/share/ament_cmake/cmake)
[8.298s] -- Found Python3: /usr/bin/python3.10 (found version "3.10.12") found components: Interpreter 
[8.717s] -- Found rclcpp: 16.0.8 (/opt/ros/humble/share/rclcpp/cmake)
[8.967s] -- Found rosidl_generator_c: 3.1.5 (/opt/ros/humble/share/rosidl_generator_c/cmake)
[8.994s] -- Found rosidl_adapter: 3.1.5 (/opt/ros/humble/share/rosidl_adapter/cmake)
[9.039s] -- Found rosidl_generator_cpp: 3.1.5 (/opt/ros/humble/share/rosidl_generator_cpp/cmake)
[9.110s] -- Using all available rosidl_typesupport_c: rosidl_typesupport_fastrtps_c;rosidl_typesupport_introspection_c
[9.216s] -- Using all available rosidl_typesupport_cpp: rosidl_typesupport_fastrtps_cpp;rosidl_typesupport_introspection_cpp
[9.457s] -- Found rmw_implementation_cmake: 6.1.1 (/opt/ros/humble/share/rmw_implementation_cmake/cmake)
[9.473s] -- Found rmw_fastrtps_cpp: 6.2.6 (/opt/ros/humble/share/rmw_fastrtps_cpp/cmake)
[9.863s] -- Found OpenSSL: /usr/lib/x86_64-linux-gnu/libcrypto.so (found version "3.0.2")  
[9.919s] -- Found FastRTPS: /opt/ros/humble/include  
[10.023s] -- Using RMW implementation 'rmw_fastrtps_cpp' as default
[10.073s] -- Looking for pthread.h
[10.364s] -- Looking for pthread.h - found
[10.364s] -- Performing Test CMAKE_HAVE_LIBC_PTHREAD
[11.181s] -- Performing Test CMAKE_HAVE_LIBC_PTHREAD - Success
[11.182s] -- Found Threads: TRUE  
[11.613s] -- Found ament_lint_auto: 0.12.10 (/opt/ros/humble/share/ament_lint_auto/cmake)
[11.869s] -- Added test 'lint_cmake' to check CMake code style
[11.875s] -- Added test 'xmllint' to check XML markup files
[11.886s] -- Configuring done
[11.908s] -- Generating done
[11.908s] -- Build files have been written to: /home/raf/ros2_ws/src/build/my_cpp_pkg
[11.930s] Invoked command in '/home/raf/ros2_ws/src/build/my_cpp_pkg' returned '0': CMAKE_PREFIX_PATH=/opt/ros/humble /usr/bin/cmake /home/raf/ros2_ws/src/my_cpp_pkg -DCMAKE_INSTALL_PREFIX=/home/raf/ros2_ws/src/install/my_cpp_pkg
[11.933s] Invoking command in '/home/raf/ros2_ws/src/build/my_cpp_pkg': CMAKE_PREFIX_PATH=/opt/ros/humble /usr/bin/cmake --build /home/raf/ros2_ws/src/build/my_cpp_pkg -- -j2 -l2
[12.044s] Invoked command in '/home/raf/ros2_ws/src/build/my_cpp_pkg' returned '0': CMAKE_PREFIX_PATH=/opt/ros/humble /usr/bin/cmake --build /home/raf/ros2_ws/src/build/my_cpp_pkg -- -j2 -l2
[12.176s] Invoking command in '/home/raf/ros2_ws/src/build/my_cpp_pkg': CMAKE_PREFIX_PATH=/opt/ros/humble /usr/bin/cmake --install /home/raf/ros2_ws/src/build/my_cpp_pkg
[12.196s] -- Install configuration: ""
[12.199s] -- Installing: /home/raf/ros2_ws/src/install/my_cpp_pkg/share/ament_index/resource_index/package_run_dependencies/my_cpp_pkg
[12.204s] -- Installing: /home/raf/ros2_ws/src/install/my_cpp_pkg/share/ament_index/resource_index/parent_prefix_path/my_cpp_pkg
[12.208s] -- Installing: /home/raf/ros2_ws/src/install/my_cpp_pkg/share/my_cpp_pkg/environment/ament_prefix_path.sh
[12.210s] -- Installing: /home/raf/ros2_ws/src/install/my_cpp_pkg/share/my_cpp_pkg/environment/ament_prefix_path.dsv
[12.212s] -- Installing: /home/raf/ros2_ws/src/install/my_cpp_pkg/share/my_cpp_pkg/environment/path.sh
[12.214s] -- Installing: /home/raf/ros2_ws/src/install/my_cpp_pkg/share/my_cpp_pkg/environment/path.dsv
[12.215s] -- Installing: /home/raf/ros2_ws/src/install/my_cpp_pkg/share/my_cpp_pkg/local_setup.bash
[12.216s] -- Installing: /home/raf/ros2_ws/src/install/my_cpp_pkg/share/my_cpp_pkg/local_setup.sh
[12.216s] -- Installing: /home/raf/ros2_ws/src/install/my_cpp_pkg/share/my_cpp_pkg/local_setup.zsh
[12.216s] -- Installing: /home/raf/ros2_ws/src/install/my_cpp_pkg/share/my_cpp_pkg/local_setup.dsv
[12.216s] -- Installing: /home/raf/ros2_ws/src/install/my_cpp_pkg/share/my_cpp_pkg/package.dsv
[12.217s] -- Installing: /home/raf/ros2_ws/src/install/my_cpp_pkg/share/ament_index/resource_index/packages/my_cpp_pkg
[12.218s] -- Installing: /home/raf/ros2_ws/src/install/my_cpp_pkg/share/my_cpp_pkg/cmake/my_cpp_pkgConfig.cmake
[12.219s] -- Installing: /home/raf/ros2_ws/src/install/my_cpp_pkg/share/my_cpp_pkg/cmake/my_cpp_pkgConfig-version.cmake
[12.223s] -- Installing: /home/raf/ros2_ws/src/install/my_cpp_pkg/share/my_cpp_pkg/package.xml
[12.231s] Invoked command in '/home/raf/ros2_ws/src/build/my_cpp_pkg' returned '0': CMAKE_PREFIX_PATH=/opt/ros/humble /usr/bin/cmake --install /home/raf/ros2_ws/src/build/my_cpp_pkg
