[1.557s] Invoking command in '/home/raf/ros2_ws/src/my_py_pkg': PYTHONPATH=/home/raf/ros2_ws/src/build/my_py_pkg/prefix_override:/home/raf/ros2_ws/src/install/my_py_pkg/lib/python3.10/site-packages:${PYTHONPATH} /usr/bin/python3 setup.py egg_info --egg-base ../build/my_py_pkg build --build-base /home/raf/ros2_ws/src/build/my_py_pkg/build install --record /home/raf/ros2_ws/src/build/my_py_pkg/install.log --single-version-externally-managed
[1.983s] running egg_info
[1.984s] creating ../build/my_py_pkg/my_py_pkg.egg-info
[1.986s] writing ../build/my_py_pkg/my_py_pkg.egg-info/PKG-INFO
[1.988s] writing dependency_links to ../build/my_py_pkg/my_py_pkg.egg-info/dependency_links.txt
[1.989s] writing entry points to ../build/my_py_pkg/my_py_pkg.egg-info/entry_points.txt
[1.989s] writing requirements to ../build/my_py_pkg/my_py_pkg.egg-info/requires.txt
[1.990s] writing top-level names to ../build/my_py_pkg/my_py_pkg.egg-info/top_level.txt
[1.991s] writing manifest file '../build/my_py_pkg/my_py_pkg.egg-info/SOURCES.txt'
[1.993s] reading manifest file '../build/my_py_pkg/my_py_pkg.egg-info/SOURCES.txt'
[1.994s] writing manifest file '../build/my_py_pkg/my_py_pkg.egg-info/SOURCES.txt'
[1.995s] running build
[1.995s] running build_py
[1.996s] creating /home/raf/ros2_ws/src/build/my_py_pkg/build
[1.996s] creating /home/raf/ros2_ws/src/build/my_py_pkg/build/lib
[1.996s] creating /home/raf/ros2_ws/src/build/my_py_pkg/build/lib/my_py_pkg
[1.996s] copying my_py_pkg/__init__.py -> /home/raf/ros2_ws/src/build/my_py_pkg/build/lib/my_py_pkg
[1.997s] running install
[1.998s] /usr/lib/python3/dist-packages/setuptools/command/install.py:34: SetuptoolsDeprecationWarning: setup.py install is deprecated. Use build and pip and other standards-based tools.
[1.998s]   warnings.warn(
[1.999s] running install_lib
[2.000s] creating /home/raf/ros2_ws/src/install/my_py_pkg/lib/python3.10/site-packages/my_py_pkg
[2.001s] copying /home/raf/ros2_ws/src/build/my_py_pkg/build/lib/my_py_pkg/__init__.py -> /home/raf/ros2_ws/src/install/my_py_pkg/lib/python3.10/site-packages/my_py_pkg
[2.002s] byte-compiling /home/raf/ros2_ws/src/install/my_py_pkg/lib/python3.10/site-packages/my_py_pkg/__init__.py to __init__.cpython-310.pyc
[2.004s] running install_data
[2.006s] creating /home/raf/ros2_ws/src/install/my_py_pkg/share/ament_index
[2.006s] creating /home/raf/ros2_ws/src/install/my_py_pkg/share/ament_index/resource_index
[2.006s] creating /home/raf/ros2_ws/src/install/my_py_pkg/share/ament_index/resource_index/packages
[2.006s] copying resource/my_py_pkg -> /home/raf/ros2_ws/src/install/my_py_pkg/share/ament_index/resource_index/packages
[2.006s] copying package.xml -> /home/raf/ros2_ws/src/install/my_py_pkg/share/my_py_pkg
[2.006s] running install_egg_info
[2.010s] Copying ../build/my_py_pkg/my_py_pkg.egg-info to /home/raf/ros2_ws/src/install/my_py_pkg/lib/python3.10/site-packages/my_py_pkg-0.0.0-py3.10.egg-info
[2.022s] running install_scripts
[2.060s] writing list of installed files to '/home/raf/ros2_ws/src/build/my_py_pkg/install.log'
[2.120s] Invoked command in '/home/raf/ros2_ws/src/my_py_pkg' returned '0': PYTHONPATH=/home/raf/ros2_ws/src/build/my_py_pkg/prefix_override:/home/raf/ros2_ws/src/install/my_py_pkg/lib/python3.10/site-packages:${PYTHONPATH} /usr/bin/python3 setup.py egg_info --egg-base ../build/my_py_pkg build --build-base /home/raf/ros2_ws/src/build/my_py_pkg/build install --record /home/raf/ros2_ws/src/build/my_py_pkg/install.log --single-version-externally-managed
