[2.010s] DEBUG:colcon:Command line arguments: ['/usr/bin/colcon', 'build']
[2.011s] DEBUG:colcon:Parsed command line arguments: Namespace(log_base=None, log_level=None, verb_name='build', build_base='build', install_base='install', merge_install=False, symlink_install=False, test_result_base=None, continue_on_error=False, executor='parallel', parallel_workers=2, event_handlers=None, ignore_user_meta=False, metas=['./colcon.meta'], base_paths=['.'], packages_ignore=None, packages_ignore_regex=None, paths=None, packages_up_to=None, packages_up_to_regex=None, packages_above=None, packages_above_and_dependencies=None, packages_above_depth=None, packages_select_by_dep=None, packages_skip_by_dep=None, packages_skip_up_to=None, packages_select_build_failed=False, packages_skip_build_finished=False, packages_select_test_failures=False, packages_skip_test_passed=False, packages_select=None, packages_skip=None, packages_select_regex=None, packages_skip_regex=None, packages_start=None, packages_end=None, allow_overriding=[], cmake_args=None, cmake_target=None, cmake_target_skip_unavailable=False, cmake_clean_cache=False, cmake_clean_first=False, cmake_force_configure=False, ament_cmake_args=None, catkin_cmake_args=None, catkin_skip_building_tests=False, verb_parser=<colcon_defaults.argument_parser.defaults.DefaultArgumentsDecorator object at 0x7fa2de67c490>, verb_extension=<colcon_core.verb.build.BuildVerb object at 0x7fa2de67dfc0>, main=<bound method BuildVerb.main of <colcon_core.verb.build.BuildVerb object at 0x7fa2de67dfc0>>)
[2.138s] Level 1:colcon.colcon_core.package_discovery:discover_packages(colcon_meta) check parameters
[2.138s] Level 1:colcon.colcon_core.package_discovery:discover_packages(recursive) check parameters
[2.138s] Level 1:colcon.colcon_core.package_discovery:discover_packages(ignore) check parameters
[2.138s] Level 1:colcon.colcon_core.package_discovery:discover_packages(path) check parameters
[2.138s] Level 1:colcon.colcon_core.package_discovery:discover_packages(colcon_meta) discover
[2.138s] Level 1:colcon.colcon_core.package_discovery:discover_packages(recursive) discover
[2.138s] INFO:colcon.colcon_core.package_discovery:Crawling recursively for packages in '/home/raf/ros2_ws/src'
[2.138s] Level 1:colcon.colcon_core.package_identification:_identify(.) by extensions ['ignore', 'ignore_ament_install']
[2.138s] Level 1:colcon.colcon_core.package_identification:_identify(.) by extension 'ignore'
[2.139s] Level 1:colcon.colcon_core.package_identification:_identify(.) by extension 'ignore_ament_install'
[2.139s] Level 1:colcon.colcon_core.package_identification:_identify(.) by extensions ['colcon_pkg']
[2.139s] Level 1:colcon.colcon_core.package_identification:_identify(.) by extension 'colcon_pkg'
[2.140s] Level 1:colcon.colcon_core.package_identification:_identify(.) by extensions ['colcon_meta']
[2.140s] Level 1:colcon.colcon_core.package_identification:_identify(.) by extension 'colcon_meta'
[2.140s] Level 1:colcon.colcon_core.package_identification:_identify(.) by extensions ['ros']
[2.140s] Level 1:colcon.colcon_core.package_identification:_identify(.) by extension 'ros'
[2.163s] Level 1:colcon.colcon_core.package_identification:_identify(.) by extensions ['cmake', 'python']
[2.163s] Level 1:colcon.colcon_core.package_identification:_identify(.) by extension 'cmake'
[2.163s] Level 1:colcon.colcon_core.package_identification:_identify(.) by extension 'python'
[2.163s] Level 1:colcon.colcon_core.package_identification:_identify(.) by extensions ['python_setup_py']
[2.163s] Level 1:colcon.colcon_core.package_identification:_identify(.) by extension 'python_setup_py'
[2.164s] Level 1:colcon.colcon_core.package_identification:_identify(build) by extensions ['ignore', 'ignore_ament_install']
[2.164s] Level 1:colcon.colcon_core.package_identification:_identify(build) by extension 'ignore'
[2.164s] Level 1:colcon.colcon_core.package_identification:_identify(build) ignored
[2.164s] Level 1:colcon.colcon_core.package_identification:_identify(install) by extensions ['ignore', 'ignore_ament_install']
[2.165s] Level 1:colcon.colcon_core.package_identification:_identify(install) by extension 'ignore'
[2.165s] Level 1:colcon.colcon_core.package_identification:_identify(install) ignored
[2.165s] Level 1:colcon.colcon_core.package_identification:_identify(log) by extensions ['ignore', 'ignore_ament_install']
[2.165s] Level 1:colcon.colcon_core.package_identification:_identify(log) by extension 'ignore'
[2.166s] Level 1:colcon.colcon_core.package_identification:_identify(log) ignored
[2.166s] Level 1:colcon.colcon_core.package_identification:_identify(my_cpp_pkg) by extensions ['ignore', 'ignore_ament_install']
[2.166s] Level 1:colcon.colcon_core.package_identification:_identify(my_cpp_pkg) by extension 'ignore'
[2.166s] Level 1:colcon.colcon_core.package_identification:_identify(my_cpp_pkg) by extension 'ignore_ament_install'
[2.166s] Level 1:colcon.colcon_core.package_identification:_identify(my_cpp_pkg) by extensions ['colcon_pkg']
[2.166s] Level 1:colcon.colcon_core.package_identification:_identify(my_cpp_pkg) by extension 'colcon_pkg'
[2.166s] Level 1:colcon.colcon_core.package_identification:_identify(my_cpp_pkg) by extensions ['colcon_meta']
[2.166s] Level 1:colcon.colcon_core.package_identification:_identify(my_cpp_pkg) by extension 'colcon_meta'
[2.167s] Level 1:colcon.colcon_core.package_identification:_identify(my_cpp_pkg) by extensions ['ros']
[2.167s] Level 1:colcon.colcon_core.package_identification:_identify(my_cpp_pkg) by extension 'ros'
[2.172s] DEBUG:colcon.colcon_core.package_identification:Package 'my_cpp_pkg' with type 'ros.ament_cmake' and name 'my_cpp_pkg'
[2.173s] Level 1:colcon.colcon_core.package_identification:_identify(my_py_pkg) by extensions ['ignore', 'ignore_ament_install']
[2.173s] Level 1:colcon.colcon_core.package_identification:_identify(my_py_pkg) by extension 'ignore'
[2.173s] Level 1:colcon.colcon_core.package_identification:_identify(my_py_pkg) by extension 'ignore_ament_install'
[2.174s] Level 1:colcon.colcon_core.package_identification:_identify(my_py_pkg) by extensions ['colcon_pkg']
[2.174s] Level 1:colcon.colcon_core.package_identification:_identify(my_py_pkg) by extension 'colcon_pkg'
[2.174s] Level 1:colcon.colcon_core.package_identification:_identify(my_py_pkg) by extensions ['colcon_meta']
[2.174s] Level 1:colcon.colcon_core.package_identification:_identify(my_py_pkg) by extension 'colcon_meta'
[2.174s] Level 1:colcon.colcon_core.package_identification:_identify(my_py_pkg) by extensions ['ros']
[2.174s] Level 1:colcon.colcon_core.package_identification:_identify(my_py_pkg) by extension 'ros'
[2.175s] DEBUG:colcon.colcon_core.package_identification:Package 'my_py_pkg' with type 'ros.ament_python' and name 'my_py_pkg'
[2.175s] Level 1:colcon.colcon_core.package_discovery:discover_packages(recursive) using defaults
[2.175s] Level 1:colcon.colcon_core.package_discovery:discover_packages(ignore) discover
[2.175s] Level 1:colcon.colcon_core.package_discovery:discover_packages(ignore) using defaults
[2.176s] Level 1:colcon.colcon_core.package_discovery:discover_packages(path) discover
[2.176s] Level 1:colcon.colcon_core.package_discovery:discover_packages(path) using defaults
[2.366s] Level 1:colcon.colcon_core.package_discovery:discover_packages(prefix_path) check parameters
[2.366s] Level 1:colcon.colcon_core.package_discovery:discover_packages(prefix_path) discover
[2.528s] DEBUG:colcon.colcon_installed_package_information.package_discovery:Found 270 installed packages in /opt/ros/humble
[2.530s] Level 1:colcon.colcon_core.package_discovery:discover_packages(prefix_path) using defaults
[2.725s] Level 5:colcon.colcon_core.verb:set package 'my_cpp_pkg' build argument 'cmake_args' from command line to 'None'
[2.725s] Level 5:colcon.colcon_core.verb:set package 'my_cpp_pkg' build argument 'cmake_target' from command line to 'None'
[2.725s] Level 5:colcon.colcon_core.verb:set package 'my_cpp_pkg' build argument 'cmake_target_skip_unavailable' from command line to 'False'
[2.725s] Level 5:colcon.colcon_core.verb:set package 'my_cpp_pkg' build argument 'cmake_clean_cache' from command line to 'False'
[2.725s] Level 5:colcon.colcon_core.verb:set package 'my_cpp_pkg' build argument 'cmake_clean_first' from command line to 'False'
[2.725s] Level 5:colcon.colcon_core.verb:set package 'my_cpp_pkg' build argument 'cmake_force_configure' from command line to 'False'
[2.725s] Level 5:colcon.colcon_core.verb:set package 'my_cpp_pkg' build argument 'ament_cmake_args' from command line to 'None'
[2.725s] Level 5:colcon.colcon_core.verb:set package 'my_cpp_pkg' build argument 'catkin_cmake_args' from command line to 'None'
[2.725s] Level 5:colcon.colcon_core.verb:set package 'my_cpp_pkg' build argument 'catkin_skip_building_tests' from command line to 'False'
[2.725s] DEBUG:colcon.colcon_core.verb:Building package 'my_cpp_pkg' with the following arguments: {'ament_cmake_args': None, 'build_base': '/home/raf/ros2_ws/src/build/my_cpp_pkg', 'catkin_cmake_args': None, 'catkin_skip_building_tests': False, 'cmake_args': None, 'cmake_clean_cache': False, 'cmake_clean_first': False, 'cmake_force_configure': False, 'cmake_target': None, 'cmake_target_skip_unavailable': False, 'install_base': '/home/raf/ros2_ws/src/install/my_cpp_pkg', 'merge_install': False, 'path': '/home/raf/ros2_ws/src/my_cpp_pkg', 'symlink_install': False, 'test_result_base': None}
[2.750s] Level 5:colcon.colcon_core.verb:set package 'my_py_pkg' build argument 'cmake_args' from command line to 'None'
[2.750s] Level 5:colcon.colcon_core.verb:set package 'my_py_pkg' build argument 'cmake_target' from command line to 'None'
[2.750s] Level 5:colcon.colcon_core.verb:set package 'my_py_pkg' build argument 'cmake_target_skip_unavailable' from command line to 'False'
[2.750s] Level 5:colcon.colcon_core.verb:set package 'my_py_pkg' build argument 'cmake_clean_cache' from command line to 'False'
[2.750s] Level 5:colcon.colcon_core.verb:set package 'my_py_pkg' build argument 'cmake_clean_first' from command line to 'False'
[2.750s] Level 5:colcon.colcon_core.verb:set package 'my_py_pkg' build argument 'cmake_force_configure' from command line to 'False'
[2.750s] Level 5:colcon.colcon_core.verb:set package 'my_py_pkg' build argument 'ament_cmake_args' from command line to 'None'
[2.750s] Level 5:colcon.colcon_core.verb:set package 'my_py_pkg' build argument 'catkin_cmake_args' from command line to 'None'
[2.750s] Level 5:colcon.colcon_core.verb:set package 'my_py_pkg' build argument 'catkin_skip_building_tests' from command line to 'False'
[2.750s] DEBUG:colcon.colcon_core.verb:Building package 'my_py_pkg' with the following arguments: {'ament_cmake_args': None, 'build_base': '/home/raf/ros2_ws/src/build/my_py_pkg', 'catkin_cmake_args': None, 'catkin_skip_building_tests': False, 'cmake_args': None, 'cmake_clean_cache': False, 'cmake_clean_first': False, 'cmake_force_configure': False, 'cmake_target': None, 'cmake_target_skip_unavailable': False, 'install_base': '/home/raf/ros2_ws/src/install/my_py_pkg', 'merge_install': False, 'path': '/home/raf/ros2_ws/src/my_py_pkg', 'symlink_install': False, 'test_result_base': None}
[2.788s] INFO:colcon.colcon_core.executor:Executing jobs using 'parallel' executor
[2.813s] DEBUG:colcon.colcon_parallel_executor.executor.parallel:run_until_complete
[2.814s] INFO:colcon.colcon_ros.task.ament_cmake.build:Building ROS package in '/home/raf/ros2_ws/src/my_cpp_pkg' with build type 'ament_cmake'
[2.814s] INFO:colcon.colcon_cmake.task.cmake.build:Building CMake package in '/home/raf/ros2_ws/src/my_cpp_pkg'
[2.846s] INFO:colcon.colcon_core.plugin_system:Skipping extension 'colcon_core.shell.bat': Not used on non-Windows systems
[2.847s] INFO:colcon.colcon_core.shell:Skip shell extension 'powershell' for command environment: Not usable outside of PowerShell
[2.847s] DEBUG:colcon.colcon_core.shell:Skip shell extension 'dsv' for command environment
[2.922s] INFO:colcon.colcon_ros.task.ament_python.build:Building ROS package in '/home/raf/ros2_ws/src/my_py_pkg' with build type 'ament_python'
[2.923s] Level 1:colcon.colcon_core.shell:create_environment_hook('my_py_pkg', 'ament_prefix_path')
[2.952s] INFO:colcon.colcon_core.shell:Creating environment hook '/home/raf/ros2_ws/src/install/my_py_pkg/share/my_py_pkg/hook/ament_prefix_path.ps1'
[2.954s] INFO:colcon.colcon_core.shell:Creating environment descriptor '/home/raf/ros2_ws/src/install/my_py_pkg/share/my_py_pkg/hook/ament_prefix_path.dsv'
[2.955s] INFO:colcon.colcon_core.shell:Creating environment hook '/home/raf/ros2_ws/src/install/my_py_pkg/share/my_py_pkg/hook/ament_prefix_path.sh'
[2.995s] INFO:colcon.colcon_core.shell:Skip shell extension 'powershell' for command environment: Not usable outside of PowerShell
[2.996s] DEBUG:colcon.colcon_core.shell:Skip shell extension 'dsv' for command environment
[3.121s] DEBUG:colcon.colcon_core.event_handler.log_command:Invoking command in '/home/raf/ros2_ws/src/build/my_cpp_pkg': CMAKE_PREFIX_PATH=/opt/ros/humble /usr/bin/cmake /home/raf/ros2_ws/src/my_cpp_pkg -DCMAKE_INSTALL_PREFIX=/home/raf/ros2_ws/src/install/my_cpp_pkg
[4.672s] INFO:colcon.colcon_core.task.python.build:Building Python package in '/home/raf/ros2_ws/src/my_py_pkg'
[4.756s] INFO:colcon.colcon_core.shell:Skip shell extension 'powershell' for command environment: Not usable outside of PowerShell
[4.756s] DEBUG:colcon.colcon_core.shell:Skip shell extension 'dsv' for command environment
[7.739s] DEBUG:colcon.colcon_core.event_handler.log_command:Invoking command in '/home/raf/ros2_ws/src/my_py_pkg': PYTHONPATH=/home/raf/ros2_ws/src/build/my_py_pkg/prefix_override:/home/raf/ros2_ws/src/install/my_py_pkg/lib/python3.10/site-packages:${PYTHONPATH} /usr/bin/python3 setup.py egg_info --egg-base ../build/my_py_pkg build --build-base /home/raf/ros2_ws/src/build/my_py_pkg/build install --record /home/raf/ros2_ws/src/build/my_py_pkg/install.log --single-version-externally-managed
[10.195s] DEBUG:colcon.colcon_core.event_handler.log_command:Invoked command in '/home/raf/ros2_ws/src/my_py_pkg' returned '0': PYTHONPATH=/home/raf/ros2_ws/src/build/my_py_pkg/prefix_override:/home/raf/ros2_ws/src/install/my_py_pkg/lib/python3.10/site-packages:${PYTHONPATH} /usr/bin/python3 setup.py egg_info --egg-base ../build/my_py_pkg build --build-base /home/raf/ros2_ws/src/build/my_py_pkg/build install --record /home/raf/ros2_ws/src/build/my_py_pkg/install.log --single-version-externally-managed
[11.027s] Level 1:colcon.colcon_core.environment:checking '/home/raf/ros2_ws/src/install/my_py_pkg' for CMake module files
[11.031s] Level 1:colcon.colcon_core.environment:checking '/home/raf/ros2_ws/src/install/my_py_pkg' for CMake config files
[11.041s] Level 1:colcon.colcon_core.environment:checking '/home/raf/ros2_ws/src/install/my_py_pkg/lib'
[11.042s] Level 1:colcon.colcon_core.environment:checking '/home/raf/ros2_ws/src/install/my_py_pkg/bin'
[11.042s] Level 1:colcon.colcon_core.environment:checking '/home/raf/ros2_ws/src/install/my_py_pkg/lib/pkgconfig/my_py_pkg.pc'
[11.043s] Level 1:colcon.colcon_core.environment:checking '/home/raf/ros2_ws/src/install/my_py_pkg/lib/python3.10/site-packages'
[11.044s] Level 1:colcon.colcon_core.shell:create_environment_hook('my_py_pkg', 'pythonpath')
[11.081s] INFO:colcon.colcon_core.shell:Creating environment hook '/home/raf/ros2_ws/src/install/my_py_pkg/share/my_py_pkg/hook/pythonpath.ps1'
[11.089s] INFO:colcon.colcon_core.shell:Creating environment descriptor '/home/raf/ros2_ws/src/install/my_py_pkg/share/my_py_pkg/hook/pythonpath.dsv'
[11.093s] INFO:colcon.colcon_core.shell:Creating environment hook '/home/raf/ros2_ws/src/install/my_py_pkg/share/my_py_pkg/hook/pythonpath.sh'
[11.095s] Level 1:colcon.colcon_core.environment:checking '/home/raf/ros2_ws/src/install/my_py_pkg/bin'
[11.095s] Level 1:colcon.colcon_core.environment:create_environment_scripts_only(my_py_pkg)
[11.143s] INFO:colcon.colcon_core.shell:Creating package script '/home/raf/ros2_ws/src/install/my_py_pkg/share/my_py_pkg/package.ps1'
[11.147s] INFO:colcon.colcon_core.shell:Creating package descriptor '/home/raf/ros2_ws/src/install/my_py_pkg/share/my_py_pkg/package.dsv'
[11.151s] INFO:colcon.colcon_core.shell:Creating package script '/home/raf/ros2_ws/src/install/my_py_pkg/share/my_py_pkg/package.sh'
[11.154s] INFO:colcon.colcon_core.shell:Creating package script '/home/raf/ros2_ws/src/install/my_py_pkg/share/my_py_pkg/package.bash'
[11.160s] INFO:colcon.colcon_core.shell:Creating package script '/home/raf/ros2_ws/src/install/my_py_pkg/share/my_py_pkg/package.zsh'
[11.164s] Level 1:colcon.colcon_core.environment:create_file_with_runtime_dependencies(/home/raf/ros2_ws/src/install/my_py_pkg/share/colcon-core/packages/my_py_pkg)
[14.750s] DEBUG:colcon.colcon_core.event_handler.log_command:Invoked command in '/home/raf/ros2_ws/src/build/my_cpp_pkg' returned '0': CMAKE_PREFIX_PATH=/opt/ros/humble /usr/bin/cmake /home/raf/ros2_ws/src/my_cpp_pkg -DCMAKE_INSTALL_PREFIX=/home/raf/ros2_ws/src/install/my_cpp_pkg
[14.752s] DEBUG:colcon.colcon_core.event_handler.log_command:Invoking command in '/home/raf/ros2_ws/src/build/my_cpp_pkg': CMAKE_PREFIX_PATH=/opt/ros/humble /usr/bin/cmake --build /home/raf/ros2_ws/src/build/my_cpp_pkg -- -j2 -l2
[14.863s] DEBUG:colcon.colcon_core.event_handler.log_command:Invoked command in '/home/raf/ros2_ws/src/build/my_cpp_pkg' returned '0': CMAKE_PREFIX_PATH=/opt/ros/humble /usr/bin/cmake --build /home/raf/ros2_ws/src/build/my_cpp_pkg -- -j2 -l2
[14.995s] DEBUG:colcon.colcon_core.event_handler.log_command:Invoking command in '/home/raf/ros2_ws/src/build/my_cpp_pkg': CMAKE_PREFIX_PATH=/opt/ros/humble /usr/bin/cmake --install /home/raf/ros2_ws/src/build/my_cpp_pkg
[15.045s] Level 1:colcon.colcon_core.environment:create_environment_scripts_only(my_cpp_pkg)
[15.050s] DEBUG:colcon.colcon_core.event_handler.log_command:Invoked command in '/home/raf/ros2_ws/src/build/my_cpp_pkg' returned '0': CMAKE_PREFIX_PATH=/opt/ros/humble /usr/bin/cmake --install /home/raf/ros2_ws/src/build/my_cpp_pkg
[15.077s] Level 1:colcon.colcon_core.environment:checking '/home/raf/ros2_ws/src/install/my_cpp_pkg' for CMake module files
[15.078s] Level 1:colcon.colcon_core.environment:checking '/home/raf/ros2_ws/src/install/my_cpp_pkg' for CMake config files
[15.079s] Level 1:colcon.colcon_core.shell:create_environment_hook('my_cpp_pkg', 'cmake_prefix_path')
[15.102s] INFO:colcon.colcon_core.shell:Creating environment hook '/home/raf/ros2_ws/src/install/my_cpp_pkg/share/my_cpp_pkg/hook/cmake_prefix_path.ps1'
[15.104s] INFO:colcon.colcon_core.shell:Creating environment descriptor '/home/raf/ros2_ws/src/install/my_cpp_pkg/share/my_cpp_pkg/hook/cmake_prefix_path.dsv'
[15.106s] INFO:colcon.colcon_core.shell:Creating environment hook '/home/raf/ros2_ws/src/install/my_cpp_pkg/share/my_cpp_pkg/hook/cmake_prefix_path.sh'
[15.108s] Level 1:colcon.colcon_core.environment:checking '/home/raf/ros2_ws/src/install/my_cpp_pkg/bin'
[15.108s] Level 1:colcon.colcon_core.environment:checking '/home/raf/ros2_ws/src/install/my_cpp_pkg/lib/pkgconfig/my_cpp_pkg.pc'
[15.108s] Level 1:colcon.colcon_core.environment:checking '/home/raf/ros2_ws/src/install/my_cpp_pkg/lib/python3.10/site-packages'
[15.109s] Level 1:colcon.colcon_core.environment:checking '/home/raf/ros2_ws/src/install/my_cpp_pkg/bin'
[15.132s] INFO:colcon.colcon_core.shell:Creating package script '/home/raf/ros2_ws/src/install/my_cpp_pkg/share/my_cpp_pkg/package.ps1'
[15.134s] INFO:colcon.colcon_core.shell:Creating package descriptor '/home/raf/ros2_ws/src/install/my_cpp_pkg/share/my_cpp_pkg/package.dsv'
[15.135s] INFO:colcon.colcon_core.shell:Creating package script '/home/raf/ros2_ws/src/install/my_cpp_pkg/share/my_cpp_pkg/package.sh'
[15.137s] INFO:colcon.colcon_core.shell:Creating package script '/home/raf/ros2_ws/src/install/my_cpp_pkg/share/my_cpp_pkg/package.bash'
[15.138s] INFO:colcon.colcon_core.shell:Creating package script '/home/raf/ros2_ws/src/install/my_cpp_pkg/share/my_cpp_pkg/package.zsh'
[15.140s] Level 1:colcon.colcon_core.environment:create_file_with_runtime_dependencies(/home/raf/ros2_ws/src/install/my_cpp_pkg/share/colcon-core/packages/my_cpp_pkg)
[15.246s] Level 1:colcon.colcon_core.environment:create_environment_scripts_only(my_cpp_pkg)
[15.281s] Level 1:colcon.colcon_core.environment:checking '/home/raf/ros2_ws/src/install/my_cpp_pkg' for CMake module files
[15.282s] Level 1:colcon.colcon_core.environment:checking '/home/raf/ros2_ws/src/install/my_cpp_pkg' for CMake config files
[15.282s] Level 1:colcon.colcon_core.shell:create_environment_hook('my_cpp_pkg', 'cmake_prefix_path')
[15.310s] INFO:colcon.colcon_core.shell:Creating environment hook '/home/raf/ros2_ws/src/install/my_cpp_pkg/share/my_cpp_pkg/hook/cmake_prefix_path.ps1'
[15.312s] INFO:colcon.colcon_core.shell:Creating environment descriptor '/home/raf/ros2_ws/src/install/my_cpp_pkg/share/my_cpp_pkg/hook/cmake_prefix_path.dsv'
[15.314s] INFO:colcon.colcon_core.shell:Creating environment hook '/home/raf/ros2_ws/src/install/my_cpp_pkg/share/my_cpp_pkg/hook/cmake_prefix_path.sh'
[15.316s] Level 1:colcon.colcon_core.environment:checking '/home/raf/ros2_ws/src/install/my_cpp_pkg/bin'
[15.316s] Level 1:colcon.colcon_core.environment:checking '/home/raf/ros2_ws/src/install/my_cpp_pkg/lib/pkgconfig/my_cpp_pkg.pc'
[15.317s] Level 1:colcon.colcon_core.environment:checking '/home/raf/ros2_ws/src/install/my_cpp_pkg/lib/python3.10/site-packages'
[15.317s] Level 1:colcon.colcon_core.environment:checking '/home/raf/ros2_ws/src/install/my_cpp_pkg/bin'
[15.344s] INFO:colcon.colcon_core.shell:Creating package script '/home/raf/ros2_ws/src/install/my_cpp_pkg/share/my_cpp_pkg/package.ps1'
[15.347s] INFO:colcon.colcon_core.shell:Creating package descriptor '/home/raf/ros2_ws/src/install/my_cpp_pkg/share/my_cpp_pkg/package.dsv'
[15.348s] INFO:colcon.colcon_core.shell:Creating package script '/home/raf/ros2_ws/src/install/my_cpp_pkg/share/my_cpp_pkg/package.sh'
[15.350s] INFO:colcon.colcon_core.shell:Creating package script '/home/raf/ros2_ws/src/install/my_cpp_pkg/share/my_cpp_pkg/package.bash'
[15.352s] INFO:colcon.colcon_core.shell:Creating package script '/home/raf/ros2_ws/src/install/my_cpp_pkg/share/my_cpp_pkg/package.zsh'
[15.354s] Level 1:colcon.colcon_core.environment:create_file_with_runtime_dependencies(/home/raf/ros2_ws/src/install/my_cpp_pkg/share/colcon-core/packages/my_cpp_pkg)
[15.356s] DEBUG:colcon.colcon_parallel_executor.executor.parallel:closing loop
[15.357s] DEBUG:colcon.colcon_parallel_executor.executor.parallel:loop closed
[15.359s] DEBUG:colcon.colcon_parallel_executor.executor.parallel:run_until_complete finished with '0'
[15.359s] DEBUG:colcon.colcon_core.event_reactor:joining thread
[15.431s] INFO:colcon.colcon_core.plugin_system:Skipping extension 'colcon_notification.desktop_notification.terminal_notifier': Not used on non-Darwin systems
[15.431s] INFO:colcon.colcon_core.plugin_system:Skipping extension 'colcon_notification.desktop_notification.win32': Not used on non-Windows systems
[15.431s] INFO:colcon.colcon_notification.desktop_notification:Sending desktop notification using 'notify2'
[15.462s] DEBUG:colcon.colcon_core.event_reactor:joined thread
[15.548s] INFO:colcon.colcon_core.shell:Creating prefix script '/home/raf/ros2_ws/src/install/local_setup.ps1'
[15.556s] INFO:colcon.colcon_core.shell:Creating prefix util module '/home/raf/ros2_ws/src/install/_local_setup_util_ps1.py'
[15.565s] INFO:colcon.colcon_core.shell:Creating prefix chain script '/home/raf/ros2_ws/src/install/setup.ps1'
[15.622s] INFO:colcon.colcon_core.shell:Creating prefix script '/home/raf/ros2_ws/src/install/local_setup.sh'
[15.625s] INFO:colcon.colcon_core.shell:Creating prefix util module '/home/raf/ros2_ws/src/install/_local_setup_util_sh.py'
[15.626s] INFO:colcon.colcon_core.shell:Creating prefix chain script '/home/raf/ros2_ws/src/install/setup.sh'
[15.678s] INFO:colcon.colcon_core.shell:Creating prefix script '/home/raf/ros2_ws/src/install/local_setup.bash'
[15.680s] INFO:colcon.colcon_core.shell:Creating prefix chain script '/home/raf/ros2_ws/src/install/setup.bash'
[15.716s] INFO:colcon.colcon_core.shell:Creating prefix script '/home/raf/ros2_ws/src/install/local_setup.zsh'
[15.719s] INFO:colcon.colcon_core.shell:Creating prefix chain script '/home/raf/ros2_ws/src/install/setup.zsh'
